------Start of DE processing------ = [02/08/2023, 18:43:39:846 CEST]
Exception = java.lang.NoClassDefFoundError
Source = com.ibm.ws.webcontainer.servlet.ServletWrapper.init
probeid = 181
Stack Dump = java.lang.NoClassDefFoundError: JsonProcessingException
	at java.base/java.lang.Class.getDeclaredMethodsImpl(Native Method)
	at java.base/java.lang.Class.getDeclaredMethods(Class.java:1180)
	at io.openliberty.restfulWS.utils.RestfulWSUtils$3.run(RestfulWSUtils.java:222)
	at io.openliberty.restfulWS.utils.RestfulWSUtils$3.run(RestfulWSUtils.java:220)
	at java.base/java.security.AccessController.doPrivileged(AccessController.java:692)
	at io.openliberty.restfulWS.utils.RestfulWSUtils.getMethods(RestfulWSUtils.java:220)
	at io.openliberty.restfulWS.utils.RestfulWSUtils.logEndpoints(RestfulWSUtils.java:97)
	at org.jboss.resteasy.plugins.server.servlet.ServletContainerDispatcher.<init>(ServletContainerDispatcher.java:55)
	at org.jboss.resteasy.plugins.server.servlet.HttpServletDispatcher.init(HttpServletDispatcher.java:40)
	at com.ibm.ws.webcontainer.servlet.ServletWrapper.init(ServletWrapper.java:301)
	at com.ibm.ws.webcontainer.servlet.ServletWrapper.loadOnStartupCheck(ServletWrapper.java:1403)
	at com.ibm.ws.webcontainer.webapp.WebApp.doLoadOnStartupActions(WebApp.java:1232)
	at com.ibm.ws.webcontainer.webapp.WebApp.commonInitializationFinally(WebApp.java:1200)
	at com.ibm.ws.webcontainer.webapp.WebApp.initialize(WebApp.java:1098)
	at com.ibm.ws.webcontainer.webapp.WebApp.initialize(WebApp.java:6705)
	at com.ibm.ws.webcontainer.osgi.DynamicVirtualHost.startWebApp(DynamicVirtualHost.java:474)
	at com.ibm.ws.webcontainer.osgi.DynamicVirtualHost.startWebApplication(DynamicVirtualHost.java:469)
	at com.ibm.ws.webcontainer.osgi.WebContainer.startWebApplication(WebContainer.java:1197)
	at com.ibm.ws.webcontainer.osgi.WebContainer.access$100(WebContainer.java:112)
	at com.ibm.ws.webcontainer.osgi.WebContainer$3.run(WebContainer.java:994)
	at com.ibm.ws.threading.internal.ExecutorServiceImpl$RunnableWrapper.run(ExecutorServiceImpl.java:247)
	at java.base/java.util.concurrent.Executors$RunnableAdapter.call(Executors.java:539)
	at java.base/java.util.concurrent.FutureTask.run(FutureTask.java:264)
	at java.base/java.util.concurrent.ThreadPoolExecutor.runWorker(ThreadPoolExecutor.java:1136)
	at java.base/java.util.concurrent.ThreadPoolExecutor$Worker.run(ThreadPoolExecutor.java:635)
	at java.base/java.lang.Thread.run(Thread.java:857)
Caused by: java.lang.ClassNotFoundException: JsonProcessingException
	at com.ibm.ws.classloading.internal.AppClassLoader.findClassCommonLibraryClassLoaders(AppClassLoader.java:736)
	at com.ibm.ws.classloading.internal.AppClassLoader.findClass(AppClassLoader.java:321)
	at com.ibm.ws.classloading.internal.AppClassLoader.findOrDelegateLoadClass(AppClassLoader.java:708)
	at com.ibm.ws.classloading.internal.AppClassLoader.loadClass(AppClassLoader.java:580)
	at com.ibm.ws.classloading.internal.AppClassLoader.loadClass(AppClassLoader.java:547)
	at java.base/java.lang.ClassLoader.loadClass(ClassLoader.java:1094)
	... 26 more

Dump of callerThis
Object type = com.ibm.ws.webcontainer.osgi.servlet.ServletWrapper
  serialVersionUID = 1
  _mo = class com.ibm.ws.cdi.impl.managedobject.CDIManagedObject@6060dcf2
    tc = class com.ibm.websphere.ras.TraceComponent@7ba46eea
      strings[0] = "TraceComponent[com.ibm.ws.cdi.impl.managedobject.CDIManagedObject,class com.ibm.ws.cdi.impl.managedobject.CDIManagedObject,[JCDI],com.ibm.ws.cdi.internal.resources.CDI,null]"
    managedObject = class com.ibm.websphere.jaxrs.server.IBMRestServlet@c928e4c6
    creationalContext = class org.jboss.weld.contexts.CreationalContextImpl@111907c0
      serialVersionUID = 7375854583908262422
      SERIALIZATION_PROXY = class org.jboss.weld.contexts.CreationalContextImpl$SerializationProxy@924a06ac
      incompleteInstances = null
      contextual = null
      dependentInstances = class java.util.Collections$SynchronizedRandomAccessList@40d8fd74
      parentDependentInstances = class java.util.Collections$SynchronizedRandomAccessList@2d483eb0
      parentCreationalContext = null
      resourceReferences = null
      constructorInterceptionSuppressed = false
      aroundConstructCallbacks = null
      aroundConstructInterceptionContext = null
    injectionTarget = class org.jboss.weld.injection.producer.BeanInjectionTarget@8ce17ff0
      bean = null
      beanManager = class org.jboss.weld.manager.BeanManagerImpl@67a107e2
      type = class org.jboss.weld.annotated.slim.backed.BackedAnnotatedType@b0da32c0
      injectionPoints = class java.util.Collections$EmptySet@7026edd
      instantiator = class org.jboss.weld.injection.producer.DefaultInstantiator@b21803aa
      injector = class org.jboss.weld.injection.producer.ResourceInjector@2bc0ea85
      invoker = class org.jboss.weld.injection.producer.DefaultLifecycleCallbackInvoker@c35a6271
    lifecycleManaged = true
    beanScope = null
    identity = "com.ibm.websphere.jaxrs.server.IBMRestServlet@c928e4c6"
    websphereInjectionServices = class com.ibm.ws.cdi.impl.weld.injection.WebSphereInjectionServicesImpl@ccb91ed5
      tc = class com.ibm.websphere.ras.TraceComponent@5a43942
      ANNOTATIONS_KNOWN_TO_WELD = class java.util.HashSet@9060a4f8
      referenceContextMap = class java.util.concurrent.ConcurrentHashMap@18b4e52b
      referenceContexts = class java.util.Collections$SetFromMap@9419e2d0
      injectionTargetListeners = class java.util.concurrent.ConcurrentHashMap@c31a0706
      deployment = class com.ibm.ws.cdi.impl.weld.WebSphereCDIDeploymentImpl@ad717341
      serialVersionUID = 2515575801175940133
    currentInjectionTargets = null
    currentInjectionContext = null
    serialVersionUID = 642874158156701263
  serialVersionUID = -4479626085298397598
  notifyInvocationListeners = false
  UNINITIALIZED_STATE = -1
  AVAILABLE_STATE = 0
  UNAVAILABLE_STATE = 1
  UNAVAILABLE_PERMANENTLY_STATE = 2
  collabHelper = class com.ibm.ws.webcontainer.osgi.collaborator.CollaboratorHelperImpl@5d529b8d
    webAppInvCollabs = class java.util.Collections$UnmodifiableSet@f2ba288e
      serialVersionUID = "/* Could not access serialVersionUID */"
      serialVersionUID = "/* Could not access serialVersionUID */"
      c = "/* Could not access c */"
    securityDomainForApp = null
    logger = class com.ibm.ws.logging.internal.WsLogger@8ec723b2
      ivCachedResourceBundleName = null
      ivCachedResourceBundle = null
      ivComponent = null
      ivOrganization = null
      ivProduct = null
      ivMinimumLocalizationLevelIntValue = 625
      ivTC = class com.ibm.websphere.ras.TraceComponent@6b8d7b71
      loggerRegistrationComponent = class java.lang.ThreadLocal@be8d089d
      emptyHandlers = "/* Could not access emptyHandlers */"
      offValue = "/* Could not access offValue */"
      SYSTEM_LOGGER_RB_NAME = "/* Could not access SYSTEM_LOGGER_RB_NAME */"
      SYSTEM_BUNDLE = "/* Could not access SYSTEM_BUNDLE */"
      NO_RESOURCE_BUNDLE = "/* Could not access NO_RESOURCE_BUNDLE */"
      config = "/* Could not access config */"
      manager = "/* Could not access manager */"
      name = "/* Could not access name */"
      loggerBundle = "/* Could not access loggerBundle */"
      anonymous = "/* Could not access anonymous */"
      catalogRef = "/* Could not access catalogRef */"
      catalogName = "/* Could not access catalogName */"
      catalogLocale = "/* Could not access catalogLocale */"
      treeLock = "/* Could not access treeLock */"
      parent = "/* Could not access parent */"
      kids = "/* Could not access kids */"
      callerModuleRef = "/* Could not access callerModuleRef */"
      isSystemLogger = "/* Could not access isSystemLogger */"
      GLOBAL_LOGGER_NAME = "global"
      global = class java.util.logging.Logger@8d2ebfae
    staticDefaultSecurityCollaborator = class com.ibm.ws.webcontainer.collaborator.WebAppSecurityCollaborator@da2718ff
    staticDefaultWebAppTransactionCollaborator = class com.ibm.ws.webcontainer.collaborator.WebAppTransactionCollaborator@841b69e5
      logger = class com.ibm.ws.logging.internal.WsLogger@8ec723b2
      CLASS_NAME = "com.ibm.ws.webcontainer.collaborator.WebAppTransactionCollaborator"
    logger = class com.ibm.ws.logging.internal.WsLogger@42c2aec6
      ivCachedResourceBundleName = null
      ivCachedResourceBundle = null
      ivComponent = null
      ivOrganization = null
      ivProduct = null
      ivMinimumLocalizationLevelIntValue = 625
      ivTC = class com.ibm.websphere.ras.TraceComponent@7da73ef8
      loggerRegistrationComponent = class java.lang.ThreadLocal@be8d089d
      emptyHandlers = "/* Could not access emptyHandlers */"
      offValue = "/* Could not access offValue */"
      SYSTEM_LOGGER_RB_NAME = "/* Could not access SYSTEM_LOGGER_RB_NAME */"
      SYSTEM_BUNDLE = "/* Could not access SYSTEM_BUNDLE */"
      NO_RESOURCE_BUNDLE = "/* Could not access NO_RESOURCE_BUNDLE */"
      config = "/* Could not access config */"
      manager = "/* Could not access manager */"
      name = "/* Could not access name */"
      loggerBundle = "/* Could not access loggerBundle */"
      anonymous = "/* Could not access anonymous */"
      catalogRef = "/* Could not access catalogRef */"
      catalogName = "/* Could not access catalogName */"
      catalogLocale = "/* Could not access catalogLocale */"
      treeLock = "/* Could not access treeLock */"
      parent = "/* Could not access parent */"
      kids = "/* Could not access kids */"
      callerModuleRef = "/* Could not access callerModuleRef */"
      isSystemLogger = "/* Could not access isSystemLogger */"
      GLOBAL_LOGGER_NAME = "global"
      global = class java.util.logging.Logger@8d2ebfae
    CLASS_NAME = "com.ibm.wsspi.webcontainer.collaborator.CollaboratorHelper"
    webApp = class com.ibm.ws.webcontainer40.osgi.webapp.WebApp40@13b79a85
    securityCollaborator = class com.ibm.ws.webcontainer.collaborator.WebAppSecurityCollaborator@da2718ff
    nameSpaceCollaborator = class com.ibm.ws.webcontainer.osgi.collaborator.WebAppNameSpaceCollaboratorImpl@bc7f1365
    transactionCollaborator = class com.ibm.ws.transaction.services.WebAppTransactionCollaboratorImpl@4854de06
    connectionCollaborator = class com.ibm.ws.webcontainer.collaborator.ConnectionHandleCollaborator@f5df3ed0
    allCollabEnum = class java.util.RegularEnumSet@bd5d1713
      serialVersionUID = "/* Could not access serialVersionUID */"
      elements = "/* Could not access elements */"
      serialVersionUID = "/* Could not access serialVersionUID */"
      elementType = "/* Could not access elementType */"
      universe = "/* Could not access universe */"
    servlet_23_or_greater = true
    DEFER_SERVLET_REQUEST_LISTENER_DESTROY_ON_ERROR = true
  nServicing = class java.util.concurrent.atomic.AtomicInteger@dee46b56
    serialVersionUID = "/* Could not access serialVersionUID */"
    U = "/* Could not access U */"
    VALUE = "/* Could not access VALUE */"
    value = "/* Could not access value */"
    serialVersionUID = "/* Could not access serialVersionUID */"
  lastAccessTime = 1690994619840
  state = -1
  logger = class com.ibm.ws.logging.internal.WsLogger@2599d577
    ivCachedResourceBundleName = "com.ibm.ws.webcontainer.resources.Messages"
    ivCachedResourceBundle = class com.ibm.ws.webcontainer.resources.Messages@2e45cce9
      resources = class [Ljava.lang.Object;[344]
      lookup = "/* Could not access lookup */"
      INITIAL_CACHE_SIZE = "/* Could not access INITIAL_CACHE_SIZE */"
      NONEXISTENT_BUNDLE = "/* Could not access NONEXISTENT_BUNDLE */"
      cacheList = "/* Could not access cacheList */"
      referenceQueue = "/* Could not access referenceQueue */"
      parent = "/* Could not access parent */"
      locale = "/* Could not access locale */"
      name = "/* Could not access name */"
      expired = "/* Could not access expired */"
      cacheKey = "/* Could not access cacheKey */"
      keySet = "/* Could not access keySet */"
      UNKNOWN_FORMAT = "/* Could not access UNKNOWN_FORMAT */"
      TRACE_ON = "/* Could not access TRACE_ON */"
      $assertionsDisabled = "/* Could not access $assertionsDisabled */"
    ivComponent = null
    ivOrganization = null
    ivProduct = null
    ivMinimumLocalizationLevelIntValue = 625
    ivTC = class com.ibm.websphere.ras.TraceComponent@81cf2c83
      strings[0] = "TraceComponent[com.ibm.ws.webcontainer.servlet,class com.ibm.wsspi.webcontainer.logging.LoggerFactory$1,[com.ibm.ws.webcontainer.servlet],null,null]"
    loggerRegistrationComponent = class java.lang.ThreadLocal@be8d089d
      threadLocalHashCode = "/* Could not access threadLocalHashCode */"
      nextHashCode = "/* Could not access nextHashCode */"
      HASH_INCREMENT = "/* Could not access HASH_INCREMENT */"
    emptyHandlers = "/* Could not access emptyHandlers */"
    offValue = "/* Could not access offValue */"
    SYSTEM_LOGGER_RB_NAME = "/* Could not access SYSTEM_LOGGER_RB_NAME */"
    SYSTEM_BUNDLE = "/* Could not access SYSTEM_BUNDLE */"
    NO_RESOURCE_BUNDLE = "/* Could not access NO_RESOURCE_BUNDLE */"
    config = "/* Could not access config */"
    manager = "/* Could not access manager */"
    name = "/* Could not access name */"
    loggerBundle = "/* Could not access loggerBundle */"
    anonymous = "/* Could not access anonymous */"
    catalogRef = "/* Could not access catalogRef */"
    catalogName = "/* Could not access catalogName */"
    catalogLocale = "/* Could not access catalogLocale */"
    treeLock = "/* Could not access treeLock */"
    parent = "/* Could not access parent */"
    kids = "/* Could not access kids */"
    callerModuleRef = "/* Could not access callerModuleRef */"
    isSystemLogger = "/* Could not access isSystemLogger */"
    GLOBAL_LOGGER_NAME = "global"
    global = class java.util.logging.Logger@8d2ebfae
      emptyHandlers = "/* Could not access emptyHandlers */"
      offValue = "/* Could not access offValue */"
      SYSTEM_LOGGER_RB_NAME = "/* Could not access SYSTEM_LOGGER_RB_NAME */"
      SYSTEM_BUNDLE = "/* Could not access SYSTEM_BUNDLE */"
      NO_RESOURCE_BUNDLE = "/* Could not access NO_RESOURCE_BUNDLE */"
      config = "/* Could not access config */"
      manager = "/* Could not access manager */"
      name = "/* Could not access name */"
      loggerBundle = "/* Could not access loggerBundle */"
      anonymous = "/* Could not access anonymous */"
      catalogRef = "/* Could not access catalogRef */"
      catalogName = "/* Could not access catalogName */"
      catalogLocale = "/* Could not access catalogLocale */"
      treeLock = "/* Could not access treeLock */"
      parent = "/* Could not access parent */"
      kids = "/* Could not access kids */"
      callerModuleRef = "/* Could not access callerModuleRef */"
      isSystemLogger = "/* Could not access isSystemLogger */"
      GLOBAL_LOGGER_NAME = "global"
      global = class java.util.logging.Logger@8d2ebfae
  CLASS_NAME = "com.ibm.ws.webcontainer.servlet.ServletWrapper"
  nls = class com.ibm.ejs.ras.TraceNLS@dfff7e87
    resolver = class com.ibm.ws.logging.internal.TraceNLSResolver@821229f
      tc = class com.ibm.websphere.ras.TraceComponent@5c7bcd23
      DEBUG_TRACE_NLS_PROPERTY = "com.ibm.ejs.ras.debugTraceNLSResolver"
      debugTraceNLSResolver = false
      makeNoise = false
      nullKey = "null"
      svNullBundleName = "Resource Bundle name is null, key = {0}"
      svBundleNotLoaded = "Unable to load ResourceBundle {0}"
      svNullKeyMessage = "Null key passed while using ResourceBundle {0}"
      svMalformedMessage = "No message text associated with key {0} in bundle {1}"
    finder = null
    ivBundleName = "com.ibm.ws.webcontainer.resources.Messages"
    caller = class java.lang.Class@d804a64f
      serialVersionUID = "/* Could not access serialVersionUID */"
      AllPermissionsPD = "/* Could not access AllPermissionsPD */"
      SYNTHETIC = "/* Could not access SYNTHETIC */"
      ANNOTATION = "/* Could not access ANNOTATION */"
      ENUM = "/* Could not access ENUM */"
      MEMBER_INVALID_TYPE = "/* Could not access MEMBER_INVALID_TYPE */"
      EmptyParameters = "/* Could not access EmptyParameters */"
      vmRef = "/* Could not access vmRef */"
      module = "/* Could not access module */"
      protectionDomain = "/* Could not access protectionDomain */"
      classNameString = "/* Could not access classNameString */"
      cachedToString = "/* Could not access cachedToString */"
      fileNameString = "/* Could not access fileNameString */"
      packageNameString = "/* Could not access packageNameString */"
      annotationVars = "/* Could not access annotationVars */"
      annotationVarsOffset = "/* Could not access annotationVarsOffset */"
      classValueMap = "/* Could not access classValueMap */"
      enumVars = "/* Could not access enumVars */"
      enumVarsOffset = "/* Could not access enumVarsOffset */"
      initializationLock = "/* Could not access initializationLock */"
      methodHandleCache = "/* Could not access methodHandleCache */"
      classRepoHolder = "/* Could not access classRepoHolder */"
      reflectionFactory = "/* Could not access reflectionFactory */"
      annotationCache = "/* Could not access annotationCache */"
      annotationCacheOffset = "/* Could not access annotationCacheOffset */"
      reflectCacheEnabled = "/* Could not access reflectCacheEnabled */"
      reflectCacheDebug = "/* Could not access reflectCacheDebug */"
      reflectCacheAppOnly = "/* Could not access reflectCacheAppOnly */"
      metadataCache = "/* Could not access metadataCache */"
      metadataCacheOffset = "/* Could not access metadataCacheOffset */"
      cachedInterfaces = "/* Could not access cachedInterfaces */"
      cachedInterfacesOffset = "/* Could not access cachedInterfacesOffset */"
      cachedDeclaringClass = "/* Could not access cachedDeclaringClass */"
      cachedDeclaringClassOffset = "/* Could not access cachedDeclaringClassOffset */"
      cachedEnclosingClass = "/* Could not access cachedEnclosingClass */"
      cachedEnclosingClassOffset = "/* Could not access cachedEnclosingClassOffset */"
      cachedCheckInnerClassAttr = "/* Could not access cachedCheckInnerClassAttr */"
      EMPTY_ANNOTATION_ARRAY = "/* Could not access EMPTY_ANNOTATION_ARRAY */"
      implLookup = "/* Could not access implLookup */"
      unsafe = "/* Could not access unsafe */"
      nestHost = "/* Could not access nestHost */"
      cachedPermittedSubclasses = "/* Could not access cachedPermittedSubclasses */"
      cachedPermittedSubclassesOffset = "/* Could not access cachedPermittedSubclassesOffset */"
      reflectCache = "/* Could not access reflectCache */"
      reflectCacheOffset = "/* Could not access reflectCacheOffset */"
  servletConfig = class com.ibm.ws.webcontainer.servlet.ServletConfig@8cfc0d83
    logger = class com.ibm.ws.logging.internal.WsLogger@2599d577
    CLASS_NAME = "com.ibm.ws.webcontainer.servlet.ServletConfig"
    nls = class com.ibm.ejs.ras.TraceNLS@8080214e
      resolver = class com.ibm.ws.logging.internal.TraceNLSResolver@821229f
      finder = null
      ivBundleName = "com.ibm.ws.webcontainer.resources.Messages"
      caller = class java.lang.Class@b3a204b4
    liberty_nls = class com.ibm.ejs.ras.TraceNLS@b3957124
      resolver = class com.ibm.ws.logging.internal.TraceNLSResolver@821229f
      finder = null
      ivBundleName = "com.ibm.ws.webcontainer.resources.LShimMessages"
      caller = class java.lang.Class@b3a204b4
    enabled = true
    servletName = "io.openliberty.guides.rest.myApplication"
    className = null
    mappings = class java.util.ArrayList@50b1974e
      serialVersionUID = "/* Could not access serialVersionUID */"
      DEFAULT_CAPACITY = "/* Could not access DEFAULT_CAPACITY */"
      EMPTY_ELEMENTDATA = "/* Could not access EMPTY_ELEMENTDATA */"
      DEFAULTCAPACITY_EMPTY_ELEMENTDATA = "/* Could not access DEFAULTCAPACITY_EMPTY_ELEMENTDATA */"
      elementData = "/* Could not access elementData */"
      size = "/* Could not access size */"
      modCount = "/* Could not access modCount */"
    startUpWeight = 1
    DEFAULT_STARTUP = -1
    isCachingEnabled = true
    isStatisticsEnabled = true
    isInternal = false
    metaData = class com.ibm.ws.webcontainer.osgi.metadata.WebComponentMetaDataImpl@f16f8905
      j2eeName = class com.ibm.ws.container.service.metadata.internal.J2EENameImpl@4318be8b
      webModuleMetaData = class com.ibm.ws.webcontainer.osgi.metadata.WebModuleMetaDataImpl@6d1f9a86
      mBeanServiceReg = null
      tc = class com.ibm.websphere.ras.TraceComponent@edc8de74
      NUM_STATIC_SLOTS = 4
      ID_UNINITIALIZED = -1
      id = 7
      metaDataInterface = class java.lang.Class@f0d45e3
      staticSlots = class java.lang.Object[4]
      dynamicSlots = null
    singleThreadModelServlet = false
    isJsp = false
    webAppConfig = class com.ibm.ws.webcontainer.osgi.webapp.WebAppConfiguration@8fc9220f
    servletWrapper = class com.ibm.ws.webcontainer.osgi.servlet.ServletWrapper@91b423cb
    servletClass = class java.lang.Class@10eb36d1
      serialVersionUID = "/* Could not access serialVersionUID */"
      AllPermissionsPD = "/* Could not access AllPermissionsPD */"
      SYNTHETIC = "/* Could not access SYNTHETIC */"
      ANNOTATION = "/* Could not access ANNOTATION */"
      ENUM = "/* Could not access ENUM */"
      MEMBER_INVALID_TYPE = "/* Could not access MEMBER_INVALID_TYPE */"
      EmptyParameters = "/* Could not access EmptyParameters */"
      vmRef = "/* Could not access vmRef */"
      module = "/* Could not access module */"
      protectionDomain = "/* Could not access protectionDomain */"
      classNameString = "/* Could not access classNameString */"
      cachedToString = "/* Could not access cachedToString */"
      fileNameString = "/* Could not access fileNameString */"
      packageNameString = "/* Could not access packageNameString */"
      annotationVars = "/* Could not access annotationVars */"
      annotationVarsOffset = "/* Could not access annotationVarsOffset */"
      classValueMap = "/* Could not access classValueMap */"
      enumVars = "/* Could not access enumVars */"
      enumVarsOffset = "/* Could not access enumVarsOffset */"
      initializationLock = "/* Could not access initializationLock */"
      methodHandleCache = "/* Could not access methodHandleCache */"
      classRepoHolder = "/* Could not access classRepoHolder */"
      reflectionFactory = "/* Could not access reflectionFactory */"
      annotationCache = "/* Could not access annotationCache */"
      annotationCacheOffset = "/* Could not access annotationCacheOffset */"
      reflectCacheEnabled = "/* Could not access reflectCacheEnabled */"
      reflectCacheDebug = "/* Could not access reflectCacheDebug */"
      reflectCacheAppOnly = "/* Could not access reflectCacheAppOnly */"
      metadataCache = "/* Could not access metadataCache */"
      metadataCacheOffset = "/* Could not access metadataCacheOffset */"
      cachedInterfaces = "/* Could not access cachedInterfaces */"
      cachedInterfacesOffset = "/* Could not access cachedInterfacesOffset */"
      cachedDeclaringClass = "/* Could not access cachedDeclaringClass */"
      cachedDeclaringClassOffset = "/* Could not access cachedDeclaringClassOffset */"
      cachedEnclosingClass = "/* Could not access cachedEnclosingClass */"
      cachedEnclosingClassOffset = "/* Could not access cachedEnclosingClassOffset */"
      cachedCheckInnerClassAttr = "/* Could not access cachedCheckInnerClassAttr */"
      EMPTY_ANNOTATION_ARRAY = "/* Could not access EMPTY_ANNOTATION_ARRAY */"
      implLookup = "/* Could not access implLookup */"
      unsafe = "/* Could not access unsafe */"
      nestHost = "/* Could not access nestHost */"
      cachedPermittedSubclasses = "/* Could not access cachedPermittedSubclasses */"
      cachedPermittedSubclassesOffset = "/* Could not access cachedPermittedSubclassesOffset */"
      reflectCache = "/* Could not access reflectCache */"
      reflectCacheOffset = "/* Could not access reflectCacheOffset */"
    servlet = null
    addedToLoadOnStartup = true
    previousWeight = null
    multipartConfig = class jakarta.servlet.MultipartConfigElement@4f620a3c
      location = ""
      maxFileSize = -1
      maxRequestSize = -1
      fileSizeThreshold = 0
    multipartConfigBaseLocation = null
    runAsRole = null
    servletSecurityElement = null
    declareRolesAnnotation = null
    logger = class com.ibm.ws.logging.internal.WsLogger@2599d577
    CLASS_NAME = "com.ibm.ws.webcontainer.servlet.TargetConfig"
    initParams = class java.util.HashMap@35bbe469
      serialVersionUID = "/* Could not access serialVersionUID */"
      DEFAULT_INITIAL_CAPACITY = "/* Could not access DEFAULT_INITIAL_CAPACITY */"
      MAXIMUM_CAPACITY = "/* Could not access MAXIMUM_CAPACITY */"
      DEFAULT_LOAD_FACTOR = "/* Could not access DEFAULT_LOAD_FACTOR */"
      TREEIFY_THRESHOLD = "/* Could not access TREEIFY_THRESHOLD */"
      UNTREEIFY_THRESHOLD = "/* Could not access UNTREEIFY_THRESHOLD */"
      MIN_TREEIFY_CAPACITY = "/* Could not access MIN_TREEIFY_CAPACITY */"
      table = "/* Could not access table */"
      entrySet = "/* Could not access entrySet */"
      size = "/* Could not access size */"
      modCount = "/* Could not access modCount */"
      threshold = "/* Could not access threshold */"
      loadFactor = "/* Could not access loadFactor */"
      keySet = "/* Could not access keySet */"
      values = "/* Could not access values */"
    fileName = null
    displayName = null
    name = "io.openliberty.guides.rest.myApplication"
    description = null
    smallIcon = null
    largeIcon = null
    context = class com.ibm.ws.webcontainer40.facade.ServletContextFacade40@9ce6df
    className = null
    asyncSupported = true
    _id = "DYN_io.openliberty.guides.rest.myApplication_1690994619840"
    _attributes = null
    serialVersionUID = 7511545662945734886
    $$$tc$$$ = class com.ibm.websphere.ras.TraceComponent@90cd1ec9
      strings[0] = "TraceComponent[com.ibm.ws.container.BaseConfiguration,class com.ibm.ws.container.BaseConfiguration,[],null,null]"
  context = class com.ibm.ws.webcontainer40.osgi.webapp.WebApp40@13b79a85
    tc = class com.ibm.websphere.ras.TraceComponent@3946b7e1
      strings[0] = "TraceComponent[com.ibm.ws.webcontainer40.osgi.webapp.WebApp40,class com.ibm.ws.webcontainer40.osgi.webapp.WebApp40,[webcontainer],com.ibm.ws.webcontainer31.resources.Messages,null]"
    servlet40NLS = class com.ibm.ejs.ras.TraceNLS@99cc457
      resolver = class com.ibm.ws.logging.internal.TraceNLSResolver@821229f
      finder = null
      ivBundleName = "com.ibm.ws.webcontainer40.resources.Messages"
      caller = class java.lang.Class@f6bbf7e2
    CLASS_NAME = "com.ibm.ws.webcontainer40.osgi.webapp.WebApp40"
    defaultSessionTimeout = 30
    tc = class com.ibm.websphere.ras.TraceComponent@3835c3e
      strings[0] = "TraceComponent[com.ibm.ws.webcontainer31.osgi.webapp.WebApp31,class com.ibm.ws.webcontainer31.osgi.webapp.WebApp31,[webcontainer],com.ibm.ws.webcontainer31.resources.Messages,null]"
    CLASS_NAME = "com.ibm.ws.webcontainer31.osgi.webapp.WebApp31"
    servlet31NLS = class com.ibm.ejs.ras.TraceNLS@4caa21c4
      resolver = class com.ibm.ws.logging.internal.TraceNLSResolver@821229f
      finder = null
      ivBundleName = "com.ibm.ws.webcontainer31.resources.Messages"
      caller = class java.lang.Class@6538cd26
    validListenerClasses = class java.lang.Class[7]
      Class[0] = class java.lang.Class@2fa3da02
      Class[1] = class java.lang.Class@35c89588
      Class[2] = class java.lang.Class@12fc8b98
      Class[3] = class java.lang.Class@3e104ad
      Class[4] = class java.lang.Class@efd9eec1
      Class[5] = class java.lang.Class@8e8f8b75
      Class[6] = class java.lang.Class@f203904d
    wsocServHandler = null
    tc = class com.ibm.websphere.ras.TraceComponent@ae1a1718
      strings[0] = "TraceComponent[com.ibm.ws.webcontainer.osgi.webapp.WebApp,class com.ibm.ws.webcontainer.osgi.webapp.WebApp,[webcontainer],com.ibm.ws.webcontainer.resources.LShimMessages,null]"
    CLASS_NAME = "com.ibm.ws.webcontainer.osgi.webapp.WebApp"
    metaDataService = class com.ibm.ws.container.service.metadata.internal.MetaDataServiceImpl@4aefa33d
      applicationMetaDataManager = class com.ibm.ws.container.service.metadata.internal.ApplicationMetaDataManager@9b01e6d7
      moduleMetaDataManager = class com.ibm.ws.container.service.metadata.internal.ModuleMetaDataManager@62066c0b
      componentMetaDataManager = class com.ibm.ws.container.service.metadata.internal.ComponentMetaDataManager@762e5dc8
      methodMetaDataManager = class com.ibm.ws.container.service.metadata.internal.MethodMetaDataManager@85eb19c
      appModuleNameToModuleContainer = class java.util.concurrent.ConcurrentHashMap@bc2293dd
      jeeNameToComponentMetaData = class java.util.concurrent.ConcurrentHashMap@e4f1dc76
      deferredMetaDataFactories = class com.ibm.wsspi.kernel.service.utils.ConcurrentServiceReferenceSet@3500783c
      deferredMetaDataInitializers = class com.ibm.wsspi.kernel.service.utils.ConcurrentServiceReferenceMap@ee6c459f
      serialVersionUID = -2494605732980966097
      $$$tc$$$ = class com.ibm.websphere.ras.TraceComponent@734f4e0d
    namespacePopulated = false
    referenceContext = class com.ibm.ws.injectionengine.osgi.internal.OSGiReferenceContextImpl@755e0ed5
      scopeData = class com.ibm.ws.injectionengine.osgi.internal.OSGiInjectionScopeData@eca56d1c
      serialVersionUID = 521511923892134915
      $$$tc$$$ = class com.ibm.websphere.ras.TraceComponent@19e24e0b
      CLASS_NAME = "com.ibm.ws.injectionengine.ReferenceContextImpl"
      tc = class com.ibm.websphere.ras.TraceComponent@1a762c26
      ivInjectionEngine = class com.ibm.ws.injectionengine.osgi.internal.OSGiInjectionEngineImpl@e4490573
      ivProviders = class java.util.ArrayList@651cc308
      ivComponentJavaContext = null
      ivComponentNameSpace = null
      ivJavaColonCompEnvMap = class java.util.LinkedHashMap@1d1e17e9
      ivEjbContext10 = class java.util.Properties@da619a65
      ivResourceRefConfigList = class com.ibm.ws.resource.internal.ResourceRefConfigListImpl@5f826e82
      isAlreadyProcessed = true
      ivProcessFailure = null
      ivInjectionTargetMap = class java.util.concurrent.ConcurrentHashMap@85dae391
      svInjTarMapCacheSize = 256
      ivDeclaredInjectionTargets = class java.util.HashMap@52aa1d23
      ivProcessedInjectionClasses = class java.util.HashSet@99863fc0
      svInjClassMapCacheSize = 512
      ivProcessedInjectionBindings = class java.util.LinkedHashSet@6483167a
      ivAnyProcessDynamic = true
      ivCheckAppConfig = false
    j2eeNameFactory = class com.ibm.ws.container.service.metadata.internal.J2EENameFactoryImpl@46301c57
      serialVersionUID = 3486344295038028821
      $$$tc$$$ = class com.ibm.websphere.ras.TraceComponent@7abc0a12
    moduleLoader = class com.ibm.ws.classloading.internal.AppClassLoader@8bce0bf7
      tc = class com.ibm.websphere.ras.TraceComponent@160f0829
      forbiddenClassNames = class java.util.Collections$UnmodifiableSet@aa26d884
      FORBIDDEN_PROPERTIES = "forbidden.properties"
      disableSharedClassesCache = false
      PARENT_FIRST_SEARCH_ORDER = class java.util.Collections$UnmodifiableRandomAccessList@37d6e944
      packagesDefined = class java.util.Collections$SetFromMap@247dd876
      CLASS_LOADING_TRACE_PREFIX = "com.ibm.ws.class.load."
      DEFAULT_PACKAGE = "default.package"
      perPackageClassLoadingTraceComponents = class java.util.concurrent.ConcurrentHashMap@ec90185e
      config = class com.ibm.ws.classloading.internal.ClassLoaderConfigurationImpl@bc5c336d
      privateLibraries = null
      delegateLoaders = class com.ibm.ws.classloading.internal.util.CompositeIterable@16f0b48
      nativeLibraryFiles = class java.util.ArrayList@7977c8fe
      transformers = class java.util.ArrayList@85c36648
      systemTransformers = class java.util.concurrent.CopyOnWriteArrayList@f48b90b7
      apiAccess = class com.ibm.ws.classloading.internal.GatewayClassLoader@61dda480
      generator = class com.ibm.ws.classloading.internal.ClassGeneratorManager@af35ca9e
      protectionDomains = class java.util.concurrent.ConcurrentHashMap@b538599a
      hook = class com.ibm.ws.kernel.boot.classloader.SharedClassCacheHook@6d304892
      serialVersionUID = 9086765173324157410
      checkpointPhase = class io.openliberty.checkpoint.spi.CheckpointPhase@b6220e81
      tc = class com.ibm.websphere.ras.TraceComponent@98cbd4
      smartClassPath = class com.ibm.ws.classloading.internal.ContainerClassLoader$SmartClassPathImpl@32d93212
      nativeLibraryContainers = class java.util.ArrayList@2c73d11a
      redefiner = class com.ibm.ws.classloading.internal.util.ClassRedefiner@7b11d4d1
      jarProtocol = "wsjar:"
      mapCreationQueue = class java.util.concurrent.Executors$FinalizableDelegatedExecutorService@2817b9ce
      serialVersionUID = 251246017270836472
      parent = class com.ibm.ws.classloading.internal.GatewayClassLoader@61dda480
      serialVersionUID = -5610156362562585411
      $$$tc$$$ = class com.ibm.websphere.ras.TraceComponent@78b1adcd
      pdcache = "/* Could not access pdcache */"
    webAppConfig = class com.ibm.ws.webcontainer.osgi.webapp.WebAppConfiguration@8fc9220f
      webModuleMetaData = class com.ibm.ws.webcontainer.osgi.metadata.WebModuleMetaDataImpl@6d1f9a86
      webComponentMetaData = class com.ibm.ws.webcontainer.osgi.metadata.WebComponentMetaDataImpl@29db2d52
      dVirtualHost = class com.ibm.ws.webcontainer.osgi.DynamicVirtualHost@14154db5
      orderedLibPaths = class java.util.Collections$UnmodifiableRandomAccessList@d4c1d264
      bundleHeaders = null
      cdiEnabled = true
      CLASS_NAME = "com.ibm.ws.webcontainer.webapp.WebAppConfiguration"
      logger = class com.ibm.ws.logging.internal.WsLogger@d7cca4a9
      tc = class com.ibm.websphere.ras.TraceComponent@88642b8d
      nls = class com.ibm.ejs.ras.TraceNLS@5905ad42
      version = 31
      contextRoot = "/LibertyProject"
      isDefaultContextRootUsed = false
      sessionTimeout = 0
      moduleSessionTimeoutSet = false
      moduleSessionTrackingModeSet = false
      sessionCookieConfig = class io.openliberty.session.impl.SessionCookieConfigImpl60@66a0cd64
      hasProgrammaticCookieConfig = false
      sessionDefaultTrackingModeSet = class java.util.RegularEnumSet@2e8ba0fc
      sessionManagerConfig = class com.ibm.ws.session.SessionManagerConfig@cbc20ac8
      displayName = "Liberty Project"
      description = null
      reloadInterval = 0
      distributable = false
      denyUncoveredHttpMethods = false
      reloadingEnabled = false
      serveServletsByClassnameEnabled = null
      defaultErrorPage = null
      additionalClassPath = null
      fileServingEnabled = null
      directoryBrowsingEnabled = null
      autoRequestEncoding = false
      autoResponseEncoding = false
      autoLoadFilters = false
      requestListeners = null
      requestAttributeListeners = null
      sessionListeners = null
      localeMap = null
      moduleName = "guide-rest-intro"
      j2eeModuleName = "guide-rest-intro.war"
      moduleId = null
      isSyncToThreadEnabled = false
      encodeDispatchedRequestURI = false
      isSystemApp = false
      ardEnabled = false
      ardDispatchType = null
      listeners = class java.util.ArrayList@5eb4ece4
      welcomeFileList = class java.util.ArrayList@cef1038a
      servletMappings = class java.util.HashMap@75ac2fa1
      lastIndexBeforeDeclaredFilters = 0
      filterMappings = class java.util.ArrayList@b38db0a1
      servletInfo = class java.util.concurrent.ConcurrentHashMap@8a940050
      filterInfo = class java.util.HashMap@ec44c849
      mimeMappings = class java.util.HashMap@a68171dc
      mimeFilters = null
      isMimeFilteringEnabled = false
      theWebGroup = null
      jspAttributes = class java.util.HashMap@b1630d65
      fileServingAttributes = class java.util.HashMap@3938be73
      invokerAttributes = class java.util.HashMap@a4db03da
      contextParams = class java.util.HashMap@14f524b3
      virtualHost = "default_host"
      exceptionErrorPages = class java.util.HashMap@a40a8d3c
      codeErrorPages = class java.util.HashMap@38be7e8a
      tagLibList = null
      precompileJsps = false
      webApp = class com.ibm.ws.webcontainer40.osgi.webapp.WebApp40@13b79a85
      virtualHostList = class java.util.Collections$EmptyList@fd066797
      appStartupWeight = 0
      moduleStartupWeight = 0
      metaDataComplete = false
      classesToScan = class java.util.ArrayList@130139e5
      uriFilterMappingInfos = null
      servletFilterMappingInfos = null
      dynamicServletRegistrationMap = class java.util.HashMap@95e0d3a4
      applicationName = "guide-rest-intro"
      libBinPathList = null
      webXmlDefinedListeners = class java.util.HashSet@eb44a38
      allRefs = class java.util.EnumMap@5f2ac10c
      allRefBindings = class java.util.EnumMap@9ac4600
      envEntryValues = class java.util.HashMap@db77d3fb
      resourceRefConfigList = null
      disallowAllFileServingProp = "false"
      disallowServeServletsByClassnameProp = "true"
      disableStaticMappingCache = false
      jspCachedLocations = null
      primedSTSHeader = "NoValue"
      enablemultireadofpostdata = false
      requestEncoding = null
      responseEncoding = null
      NULLSERVLETNAME = "com.ibm.ws.webcontainer.NullServletName"
      skipEncodedCharVerification = false
      _id = "WebAppGeneratedId113"
      _attributes = null
      serialVersionUID = 7511545662945734886
      $$$tc$$$ = class com.ibm.websphere.ras.TraceComponent@90cd1ec9
    extensionProcessingDisabled = false
    managedObjectService = class com.ibm.ws.cdi.impl.managedobject.CDIManagedObjectService@a7de8c03
      defaultMOS = class com.ibm.ws.managedobject.internal.ManagedObjectServiceImpl@e7fa2779
      cdiRuntime = class com.ibm.ws.cdi.liberty.CDIRuntimeImpl@aacf3833
      isActive = class java.util.concurrent.atomic.AtomicBoolean@379c4d9a
      serialVersionUID = 5211943849551391960
      $$$tc$$$ = class com.ibm.websphere.ras.TraceComponent@e91b5146
    internalServletMetaData = interface com.ibm.wsspi.webcontainer.metadata.WebComponentMetaData[2]
      WebComponentMetaData[0] = null
      WebComponentMetaData[1] = null
    loginProcessor = null
    logoutProcessor = null
    collabHelper = class com.ibm.ws.webcontainer.osgi.collaborator.CollaboratorHelperImpl@5d529b8d
    envObject = class com.ibm.ws.util.WSThreadLocal@b111bb42
      tc = class com.ibm.ejs.ras.TraceComponent@136bd381
      count = 8
      index = 3
      SUSPECTED_MISUSAGE_THRESHOLD = 200
      threadLocalHashCode = "/* Could not access threadLocalHashCode */"
      nextHashCode = "/* Could not access nextHashCode */"
      HASH_INCREMENT = "/* Could not access HASH_INCREMENT */"
    orderedLibPaths = class java.util.Collections$UnmodifiableRandomAccessList@d4c1d264
      serialVersionUID = "/* Could not access serialVersionUID */"
      serialVersionUID = "/* Could not access serialVersionUID */"
      list = "/* Could not access list */"
      serialVersionUID = "/* Could not access serialVersionUID */"
      c = "/* Could not access c */"
    perm = class com.ibm.websphere.security.WebSphereRuntimePermission@30ae8c4b
      serialVersionUID = -3306242789188168337
      $$$tc$$$ = class com.ibm.websphere.ras.TraceComponent@c84ea70e
      serialVersionUID = "/* Could not access serialVersionUID */"
      wildcard = "/* Could not access wildcard */"
      path = "/* Could not access path */"
      exitVM = "/* Could not access exitVM */"
      serialVersionUID = "/* Could not access serialVersionUID */"
      name = "/* Could not access name */"
    WELCOME_FILE_LIST = "com.ibm.ws.webcontainer.config.WelcomeFileList"
    DIR_BROWSING_MAPPING = "__dirBrowsing__1690966016253"
    FILTER_PROXY_MAPPING = "/__filterProxy__1690966016253"
    logger = class com.ibm.ws.logging.internal.WsLogger@d7cca4a9
      ivCachedResourceBundleName = "com.ibm.ws.webcontainer.resources.Messages"
      ivCachedResourceBundle = class com.ibm.ws.webcontainer.resources.Messages@2e45cce9
      ivComponent = null
      ivOrganization = null
      ivProduct = null
      ivMinimumLocalizationLevelIntValue = 625
      ivTC = class com.ibm.websphere.ras.TraceComponent@a9820a4f
      loggerRegistrationComponent = class java.lang.ThreadLocal@be8d089d
      emptyHandlers = "/* Could not access emptyHandlers */"
      offValue = "/* Could not access offValue */"
      SYSTEM_LOGGER_RB_NAME = "/* Could not access SYSTEM_LOGGER_RB_NAME */"
      SYSTEM_BUNDLE = "/* Could not access SYSTEM_BUNDLE */"
      NO_RESOURCE_BUNDLE = "/* Could not access NO_RESOURCE_BUNDLE */"
      config = "/* Could not access config */"
      manager = "/* Could not access manager */"
      name = "/* Could not access name */"
      loggerBundle = "/* Could not access loggerBundle */"
      anonymous = "/* Could not access anonymous */"
      catalogRef = "/* Could not access catalogRef */"
      catalogName = "/* Could not access catalogName */"
      catalogLocale = "/* Could not access catalogLocale */"
      treeLock = "/* Could not access treeLock */"
      parent = "/* Could not access parent */"
      kids = "/* Could not access kids */"
      callerModuleRef = "/* Could not access callerModuleRef */"
      isSystemLogger = "/* Could not access isSystemLogger */"
      GLOBAL_LOGGER_NAME = "global"
      global = class java.util.logging.Logger@8d2ebfae
    CLASS_NAME = "com.ibm.ws.webcontainer.webapp.WebApp"
    loader = class com.ibm.ws.classloading.internal.ThreadContextClassLoader@d485a1dd
    facade = class com.ibm.ws.webcontainer40.facade.ServletContextFacade40@9ce6df
    features = class java.util.ArrayList@d69bb95c
      serialVersionUID = "/* Could not access serialVersionUID */"
      DEFAULT_CAPACITY = "/* Could not access DEFAULT_CAPACITY */"
      EMPTY_ELEMENTDATA = "/* Could not access EMPTY_ELEMENTDATA */"
      DEFAULTCAPACITY_EMPTY_ELEMENTDATA = "/* Could not access DEFAULTCAPACITY_EMPTY_ELEMENTDATA */"
      elementData = "/* Could not access elementData */"
      size = "/* Could not access size */"
      modCount = "/* Could not access modCount */"
    applicationName = "guide-rest-intro"
    config = class com.ibm.ws.webcontainer.osgi.webapp.WebAppConfiguration@8fc9220f
    securityEnabledForApp = null
    webExtensionProcessor = class com.ibm.ws.webcontainer.osgi.extension.WebExtensionProcessor@3fe3dc0
      webApp = class com.ibm.ws.webcontainer40.osgi.webapp.WebApp40@13b79a85
      extensionContext = class com.ibm.ws.webcontainer40.osgi.webapp.WebApp40@13b79a85
    production = true
    isServlet23 = true
    contextPath = "/LibertyProject"
    internalServletList = class [Ljava.lang.String;[2]
      String[][0] = class java.lang.String[2]
      String[][1] = class java.lang.String[2]
    BY_NAME_ONLY = "/_1690994619699_/"
    filterManager = null
    documentRoot = null
    SERVLET_API_VERSION = "Servlet 2.5"
    disableServletAuditLogging = -1
    serverInfo = "IBM WebSphere Liberty/23.0.0.7"
    sessionCtx = class io.openliberty.webcontainer60.session.impl.HttpSessionContextImpl60@127fe8ce
      methodClassName = "HttpSessionContextImpl60"
      methodClassName = "HttpSessionContextImpl"
      _smc = class com.ibm.ws.session.SessionManagerConfig@cbc20ac8
      sessionStoreService = null
      _sap = class com.ibm.ws.session.SessionApplicationParameters@77f8813f
      _coreHttpSessionManager = class com.ibm.ws.session.SessionManager@7677db58
      _coreHttpAppSessionManager = null
      _sam = class com.ibm.ws.webcontainer.session.impl.SessionAffinityManagerImpl@99e80a7d
      isSIPApplication = false
      sessionAttributeListener = false
      sessionListener = true
      mHttpSessionAttributeListeners = class java.util.ArrayList@4b676ff1
      mHttpSessionListeners = class java.util.ArrayList@dab4d6be
      mHttpSessionIdListeners = class java.util.ArrayList@ed7378d3
      mHttpSessionAttributeListenersJ2eeNames = class java.util.ArrayList@c8f5392a
      mHttpSessionListenersJ2eeNames = class java.util.ArrayList@e6ce3eed
      mHttpSessionIdListenersJ2eeNames = class java.util.ArrayList@cb9a1ca5
      mLocalHost = null
      _refCount = 1
      currentThreadSacHashtable = null
      methodClassName = "SessionContext"
      ANONYMOUS_USER = "anonymous"
      wasHttpSessionObserver = class com.ibm.ws.session.WasHttpSessionObserver@75c4696c
      wasHttpSessionAttributeObserver = null
      _invalidator = class com.ibm.ws.session.SessionInvalidatorWithThreadPool@e574f5af
      _storer = class com.ibm.ws.session.EOSSessionStorer@4ffa680b
      wasHttpAppSessionObserver = null
      mHttpAppSessionListeners = null
      cmvcInfo = "CMVC Version 1.9 6/24/07 11:12:24"
      _loggedVersion = true
      CREATE_CORE_SESSION_MANAGER = 0
      GET_REQUESTED_SESSION_ID = 1
      GET_IHTTP_SESSION = 2
      SESSION_PRE_INVOKE = 3
      SESSION_POST_INVOKE = 4
      STOP = 5
      STOP_LISTENERS = 6
      IS_VALID = 7
      ENCODE_URL = 8
      SHOULD_ENCODE_URL = 9
      IS_PROTOCOL_SWITCH = 10
      GET_LOCAL_HOST = 11
      ADD_HTTP_SESSION_ATTRIBUTE_LISTENER = 12
      ADD_HTTP_SESSION_LISTENER = 13
      GET_SESSION_AFFINITY_CONTEXT = 14
      CHECK_SECURITY = 15
      INVALIDATE = 16
      CHECK_SESSSIONID_IS_RIGHT_LENGTH = 17
      LOCK_SESSION = 18
      UNLOCK_SESSION = 19
      ADD_HTTP_SESSION_ID_LISTENER = 20
      methodNames = class java.lang.String[21]
    eventSource = class com.ibm.ws.webcontainer.webapp.WebAppEventSource@e22d5f5d
    nls = class com.ibm.ejs.ras.TraceNLS@8e4bb784
      resolver = class com.ibm.ws.logging.internal.TraceNLSResolver@821229f
      finder = null
      ivBundleName = "com.ibm.ws.webcontainer.resources.Messages"
      caller = class java.lang.Class@fb1031e8
    liberty_nls = class com.ibm.ejs.ras.TraceNLS@5ef4e816
      resolver = class com.ibm.ws.logging.internal.TraceNLSResolver@821229f
      finder = null
      ivBundleName = "com.ibm.ws.webcontainer.resources.LShimMessages"
      caller = class java.lang.Class@fb1031e8
    error_nls = class com.ibm.ejs.ras.TraceNLS@a5d9aca8
      resolver = class com.ibm.ws.logging.internal.TraceNLSResolver@821229f
      finder = null
      ivBundleName = "com.ibm.ws.webcontainer.resources.ErrorPage"
      caller = class java.lang.Class@fb1031e8
    sessionListeners = class java.util.ArrayList@8ac85b38
      serialVersionUID = "/* Could not access serialVersionUID */"
      DEFAULT_CAPACITY = "/* Could not access DEFAULT_CAPACITY */"
      EMPTY_ELEMENTDATA = "/* Could not access EMPTY_ELEMENTDATA */"
      DEFAULTCAPACITY_EMPTY_ELEMENTDATA = "/* Could not access DEFAULTCAPACITY_EMPTY_ELEMENTDATA */"
      elementData = "/* Could not access elementData */"
      size = "/* Could not access size */"
      modCount = "/* Could not access modCount */"
    sessionIdListeners = class java.util.ArrayList@6bae0e1
      serialVersionUID = "/* Could not access serialVersionUID */"
      DEFAULT_CAPACITY = "/* Could not access DEFAULT_CAPACITY */"
      EMPTY_ELEMENTDATA = "/* Could not access EMPTY_ELEMENTDATA */"
      DEFAULTCAPACITY_EMPTY_ELEMENTDATA = "/* Could not access DEFAULTCAPACITY_EMPTY_ELEMENTDATA */"
      elementData = "/* Could not access elementData */"
      size = "/* Could not access size */"
      modCount = "/* Could not access modCount */"
    sessionAttrListeners = class java.util.ArrayList@b57eedee
      serialVersionUID = "/* Could not access serialVersionUID */"
      DEFAULT_CAPACITY = "/* Could not access DEFAULT_CAPACITY */"
      EMPTY_ELEMENTDATA = "/* Could not access EMPTY_ELEMENTDATA */"
      DEFAULTCAPACITY_EMPTY_ELEMENTDATA = "/* Could not access DEFAULTCAPACITY_EMPTY_ELEMENTDATA */"
      elementData = "/* Could not access elementData */"
      size = "/* Could not access size */"
      modCount = "/* Could not access modCount */"
    addedSessionListeners = class java.util.ArrayList@e5db6991
      serialVersionUID = "/* Could not access serialVersionUID */"
      DEFAULT_CAPACITY = "/* Could not access DEFAULT_CAPACITY */"
      EMPTY_ELEMENTDATA = "/* Could not access EMPTY_ELEMENTDATA */"
      DEFAULTCAPACITY_EMPTY_ELEMENTDATA = "/* Could not access DEFAULTCAPACITY_EMPTY_ELEMENTDATA */"
      elementData = "/* Could not access elementData */"
      size = "/* Could not access size */"
      modCount = "/* Could not access modCount */"
    addedSessionAttrListeners = class java.util.ArrayList@ad34a7
      serialVersionUID = "/* Could not access serialVersionUID */"
      DEFAULT_CAPACITY = "/* Could not access DEFAULT_CAPACITY */"
      EMPTY_ELEMENTDATA = "/* Could not access EMPTY_ELEMENTDATA */"
      DEFAULTCAPACITY_EMPTY_ELEMENTDATA = "/* Could not access DEFAULTCAPACITY_EMPTY_ELEMENTDATA */"
      elementData = "/* Could not access elementData */"
      size = "/* Could not access size */"
      modCount = "/* Could not access modCount */"
    servletContextListeners = class java.util.ArrayList@af7e627
      serialVersionUID = "/* Could not access serialVersionUID */"
      DEFAULT_CAPACITY = "/* Could not access DEFAULT_CAPACITY */"
      EMPTY_ELEMENTDATA = "/* Could not access EMPTY_ELEMENTDATA */"
      DEFAULTCAPACITY_EMPTY_ELEMENTDATA = "/* Could not access DEFAULTCAPACITY_EMPTY_ELEMENTDATA */"
      elementData = "/* Could not access elementData */"
      size = "/* Could not access size */"
      modCount = "/* Could not access modCount */"
    servletContextLAttrListeners = class java.util.ArrayList@18b63b13
      serialVersionUID = "/* Could not access serialVersionUID */"
      DEFAULT_CAPACITY = "/* Could not access DEFAULT_CAPACITY */"
      EMPTY_ELEMENTDATA = "/* Could not access EMPTY_ELEMENTDATA */"
      DEFAULTCAPACITY_EMPTY_ELEMENTDATA = "/* Could not access DEFAULTCAPACITY_EMPTY_ELEMENTDATA */"
      elementData = "/* Could not access elementData */"
      size = "/* Could not access size */"
      modCount = "/* Could not access modCount */"
    servletRequestListeners = class java.util.ArrayList@6646aef0
      serialVersionUID = "/* Could not access serialVersionUID */"
      DEFAULT_CAPACITY = "/* Could not access DEFAULT_CAPACITY */"
      EMPTY_ELEMENTDATA = "/* Could not access EMPTY_ELEMENTDATA */"
      DEFAULTCAPACITY_EMPTY_ELEMENTDATA = "/* Could not access DEFAULTCAPACITY_EMPTY_ELEMENTDATA */"
      elementData = "/* Could not access elementData */"
      size = "/* Could not access size */"
      modCount = "/* Could not access modCount */"
    servletRequestLAttrListeners = class java.util.ArrayList@d9c98260
      serialVersionUID = "/* Could not access serialVersionUID */"
      DEFAULT_CAPACITY = "/* Could not access DEFAULT_CAPACITY */"
      EMPTY_ELEMENTDATA = "/* Could not access EMPTY_ELEMENTDATA */"
      DEFAULTCAPACITY_EMPTY_ELEMENTDATA = "/* Could not access DEFAULTCAPACITY_EMPTY_ELEMENTDATA */"
      elementData = "/* Could not access elementData */"
      size = "/* Could not access size */"
      modCount = "/* Could not access modCount */"
    prependSlashToResource = false
    destroyed = false
    webAppNameSpaceCollab = class com.ibm.ws.webcontainer.osgi.collaborator.WebAppNameSpaceCollaboratorImpl@bc7f1365
    txCollab = class com.ibm.ws.transaction.services.WebAppTransactionCollaboratorImpl@4854de06
    sessionActivationListeners = class java.util.ArrayList@307e677d
      serialVersionUID = "/* Could not access serialVersionUID */"
      DEFAULT_CAPACITY = "/* Could not access DEFAULT_CAPACITY */"
      EMPTY_ELEMENTDATA = "/* Could not access EMPTY_ELEMENTDATA */"
      DEFAULTCAPACITY_EMPTY_ELEMENTDATA = "/* Could not access DEFAULTCAPACITY_EMPTY_ELEMENTDATA */"
      elementData = "/* Could not access elementData */"
      size = "/* Could not access size */"
      modCount = "/* Could not access modCount */"
    sessionBindingListeners = class java.util.ArrayList@8442ba01
      serialVersionUID = "/* Could not access serialVersionUID */"
      DEFAULT_CAPACITY = "/* Could not access DEFAULT_CAPACITY */"
      EMPTY_ELEMENTDATA = "/* Could not access EMPTY_ELEMENTDATA */"
      DEFAULTCAPACITY_EMPTY_ELEMENTDATA = "/* Could not access DEFAULTCAPACITY_EMPTY_ELEMENTDATA */"
      elementData = "/* Could not access elementData */"
      size = "/* Could not access size */"
      modCount = "/* Could not access modCount */"
    scratchdir = null
    jspClassLoaderLimit = 0
    jspClassLoaderExclusionList = null
    jspClassLoadersMap = null
    jspClassLoaderLimitTrackIF = false
    defaultExtProc = null
    directoryBrowsingServlet = null
    cdiContexts = class java.util.concurrent.ConcurrentHashMap@7ae372e
      serialVersionUID = "/* Could not access serialVersionUID */"
      MAXIMUM_CAPACITY = "/* Could not access MAXIMUM_CAPACITY */"
      DEFAULT_CAPACITY = "/* Could not access DEFAULT_CAPACITY */"
      MAX_ARRAY_SIZE = "/* Could not access MAX_ARRAY_SIZE */"
      DEFAULT_CONCURRENCY_LEVEL = "/* Could not access DEFAULT_CONCURRENCY_LEVEL */"
      LOAD_FACTOR = "/* Could not access LOAD_FACTOR */"
      TREEIFY_THRESHOLD = "/* Could not access TREEIFY_THRESHOLD */"
      UNTREEIFY_THRESHOLD = "/* Could not access UNTREEIFY_THRESHOLD */"
      MIN_TREEIFY_CAPACITY = "/* Could not access MIN_TREEIFY_CAPACITY */"
      MIN_TRANSFER_STRIDE = "/* Could not access MIN_TRANSFER_STRIDE */"
      RESIZE_STAMP_BITS = "/* Could not access RESIZE_STAMP_BITS */"
      MAX_RESIZERS = "/* Could not access MAX_RESIZERS */"
      RESIZE_STAMP_SHIFT = "/* Could not access RESIZE_STAMP_SHIFT */"
      MOVED = "/* Could not access MOVED */"
      TREEBIN = "/* Could not access TREEBIN */"
      RESERVED = "/* Could not access RESERVED */"
      HASH_BITS = "/* Could not access HASH_BITS */"
      NCPU = "/* Could not access NCPU */"
      serialPersistentFields = "/* Could not access serialPersistentFields */"
      table = "/* Could not access table */"
      nextTable = "/* Could not access nextTable */"
      baseCount = "/* Could not access baseCount */"
      sizeCtl = "/* Could not access sizeCtl */"
      transferIndex = "/* Could not access transferIndex */"
      cellsBusy = "/* Could not access cellsBusy */"
      counterCells = "/* Could not access counterCells */"
      keySet = "/* Could not access keySet */"
      values = "/* Could not access values */"
      entrySet = "/* Could not access entrySet */"
      U = "/* Could not access U */"
      SIZECTL = "/* Could not access SIZECTL */"
      TRANSFERINDEX = "/* Could not access TRANSFERINDEX */"
      BASECOUNT = "/* Could not access BASECOUNT */"
      CELLSBUSY = "/* Could not access CELLSBUSY */"
      CELLVALUE = "/* Could not access CELLVALUE */"
      ABASE = "/* Could not access ABASE */"
      ASHIFT = "/* Could not access ASHIFT */"
      keySet = "/* Could not access keySet */"
      values = "/* Could not access values */"
    moduleConfig = class com.ibm.ws.webcontainer.osgi.container.DeployedModule@dad6722a
      tc = class com.ibm.websphere.ras.TraceComponent@fd5bd7af
      loader = class com.ibm.ws.classloading.internal.ThreadContextClassLoader@d485a1dd
      webApp = class com.ibm.ws.webcontainer40.osgi.webapp.WebApp40@13b79a85
      webAppConfig = class com.ibm.ws.webcontainer.osgi.webapp.WebAppConfiguration@8fc9220f
      contextRootAdded = class com.ibm.ws.threading.internal.NonCancelableResultFuture@18c52832
      properContextRoot = "/LibertyProject"
      mappingContextRoot = "/LibertyProject/*"
      initTaskCount = class java.util.concurrent.atomic.AtomicInteger@4bf3bde7
      initTasksDoneListener = class com.ibm.ws.webcontainer.osgi.WebContainer$2@2dc168a7
      serialVersionUID = -2104814060051592457
      $$$tc$$$ = class com.ibm.websphere.ras.TraceComponent@964c7d5d
    extensionFactories = class java.util.ArrayList@f4a8d4ef
      serialVersionUID = "/* Could not access serialVersionUID */"
      DEFAULT_CAPACITY = "/* Could not access DEFAULT_CAPACITY */"
      EMPTY_ELEMENTDATA = "/* Could not access EMPTY_ELEMENTDATA */"
      DEFAULTCAPACITY_EMPTY_ELEMENTDATA = "/* Could not access DEFAULTCAPACITY_EMPTY_ELEMENTDATA */"
      elementData = "/* Could not access elementData */"
      size = "/* Could not access size */"
      modCount = "/* Could not access modCount */"
    initialized = false
    lock = class com.ibm.ws.webcontainer.webapp.WebApp$1@131ac77b
      this$0 = class com.ibm.ws.webcontainer40.osgi.webapp.WebApp40@13b79a85
    afterServletContextCreated = false
    redirectContextRoot = false
    errorExceptionTypeFirst = false
    initFilterBeforeServletInit = false
    SET_400_SC_ON_TOO_MANY_PARENT_DIRS = false
    sortedServletConfigs = class java.util.ArrayList@9b432201
      serialVersionUID = "/* Could not access serialVersionUID */"
      DEFAULT_CAPACITY = "/* Could not access DEFAULT_CAPACITY */"
      EMPTY_ELEMENTDATA = "/* Could not access EMPTY_ELEMENTDATA */"
      DEFAULTCAPACITY_EMPTY_ELEMENTDATA = "/* Could not access DEFAULTCAPACITY_EMPTY_ELEMENTDATA */"
      elementData = "/* Could not access elementData */"
      size = "/* Could not access size */"
      modCount = "/* Could not access modCount */"
    effectiveMajorVersion = 3
    effectiveMinorVersion = 1
    canAddServletContextListener = true
    withinContextInitOfProgAddListener = false
    lastProgAddListenerInitialized = "com.ibm.ws.cdi.web.factories.Weld50InitialListener"
    webInfLibClassloader = null
    metaInfCache = class com.ibm.ws.webcontainer.webapp.WebApp$2@d69faeac
      this$0 = class com.ibm.ws.webcontainer40.osgi.webapp.WebApp40@13b79a85
      serialVersionUID = "/* Could not access serialVersionUID */"
      head = "/* Could not access head */"
      tail = "/* Could not access tail */"
      accessOrder = "/* Could not access accessOrder */"
      serialVersionUID = "/* Could not access serialVersionUID */"
      DEFAULT_INITIAL_CAPACITY = "/* Could not access DEFAULT_INITIAL_CAPACITY */"
      MAXIMUM_CAPACITY = "/* Could not access MAXIMUM_CAPACITY */"
      DEFAULT_LOAD_FACTOR = "/* Could not access DEFAULT_LOAD_FACTOR */"
      TREEIFY_THRESHOLD = "/* Could not access TREEIFY_THRESHOLD */"
      UNTREEIFY_THRESHOLD = "/* Could not access UNTREEIFY_THRESHOLD */"
      MIN_TREEIFY_CAPACITY = "/* Could not access MIN_TREEIFY_CAPACITY */"
      table = "/* Could not access table */"
      entrySet = "/* Could not access entrySet */"
      size = "/* Could not access size */"
      modCount = "/* Could not access modCount */"
      threshold = "/* Could not access threshold */"
      loadFactor = "/* Could not access loadFactor */"
      keySet = "/* Could not access keySet */"
      values = "/* Could not access values */"
    hasSlashStarMapping = false
    useMetaInfCache = true
    SUN_CONFIGURE_LISTENER_CLASSNAME = "com.sun.faces.config.ConfigureListener"
    MYFACES_LIFECYCLE_LISTENER_CLASSNAME = "org.apache.myfaces.webapp.StartupServletContextListener"
    JSF_IMPL_ENABLED_PARAM = "com.ibm.ws.jsf.JSF_IMPL_ENABLED"
    JSF_IMPL_ENABLED_CUSTOM = "Custom"
    JSF_IMPL_ENABLED_NONE = "None"
    staticDocRoot = class com.ibm.ws.webcontainer.util.DocumentRootUtils@b79cf0a6
      logger = class com.ibm.ws.logging.internal.WsLogger@3385c122
      CLASS_NAME = "com.ibm.ws.webcontainer.util.DocumentRootUtils"
      useContentLength = false
      matchedFile = null
      matchedZipFile = null
      matchedEntry = null
      matchedURL = null
      edrRoot = null
      pfedrRoot = null
      ctxt = class com.ibm.ws.webcontainer40.osgi.webapp.WebApp40@13b79a85
      baseDir = null
      edr = null
      pfedr = null
      metaInfRes = null
      searchpfEDR = true
      searchEDR = true
      searchMetaInfRes = true
      matchFromEDR = false
      matchFromMetaInfRes = false
      matchIsADirectory = false
      appConfig = class com.ibm.ws.webcontainer.osgi.webapp.WebAppConfiguration@8fc9220f
      attributeType = "staticFile"
      STATIC_FILE = "staticFile"
      JSP = "jsp"
      PFEDR = "preFragmentExtendedDocumentRoot"
      EDR = "extendedDocumentRoot"
    jspDocRoot = class com.ibm.ws.webcontainer.util.DocumentRootUtils@87258812
      logger = class com.ibm.ws.logging.internal.WsLogger@3385c122
      CLASS_NAME = "com.ibm.ws.webcontainer.util.DocumentRootUtils"
      useContentLength = false
      matchedFile = null
      matchedZipFile = null
      matchedEntry = null
      matchedURL = null
      edrRoot = null
      pfedrRoot = null
      ctxt = class com.ibm.ws.webcontainer40.osgi.webapp.WebApp40@13b79a85
      baseDir = null
      edr = null
      pfedr = null
      metaInfRes = null
      searchpfEDR = true
      searchEDR = true
      searchMetaInfRes = true
      matchFromEDR = false
      matchFromMetaInfRes = false
      matchIsADirectory = false
      appConfig = class com.ibm.ws.webcontainer.osgi.webapp.WebAppConfiguration@8fc9220f
      attributeType = "jsp"
      STATIC_FILE = "staticFile"
      JSP = "jsp"
      PFEDR = "preFragmentExtendedDocumentRoot"
      EDR = "extendedDocumentRoot"
    container = class com.ibm.ws.adaptable.module.internal.AdaptableContainerImpl@82b07c34
      root = class com.ibm.ws.adaptable.module.internal.AdaptableContainerImpl@82b07c34
      rootOverlay = class com.ibm.ws.artifact.overlay.internal.DirectoryBasedOverlayContainerImpl@c6339bc7
      factoryHolder = class com.ibm.ws.adaptable.module.internal.AdaptableModuleFactoryImpl@8a00cef3
      delegate = class com.ibm.ws.artifact.overlay.internal.DirectoryBasedOverlayContainerImpl@c6339bc7
      notifier = class com.ibm.ws.adaptable.module.internal.NotifierImpl@d268651b
      serialVersionUID = -5950528200509051684
      $$$tc$$$ = class com.ibm.websphere.ras.TraceComponent@1fb9b71a
    metaInfResourceFinder = class com.ibm.ws.webcontainer.util.MetaInfResourceFinder@340c3e44
      jarResourceContainers = class java.util.ArrayList@4a234505
      container = class com.ibm.ws.adaptable.module.internal.AdaptableContainerImpl@82b07c34
    postConstructMethods = class com.ibm.ws.webcontainer.webapp.WebApp$AnnotatedMethods@82399f84
      annotationClass = class java.lang.Class@b66d6032
      noOpClassNames = class java.util.HashSet@f9894734
      annotatedMethodNames = class java.util.concurrent.ConcurrentHashMap@9f0ec408
      EMPTY_METHODS = class java.lang.reflect.Method[0]
    preDestroyMethods = class com.ibm.ws.webcontainer.webapp.WebApp$AnnotatedMethods@45fc9377
      annotationClass = class java.lang.Class@9e7bf383
      noOpClassNames = class java.util.HashSet@93930cdf
      annotatedMethodNames = class java.util.concurrent.ConcurrentHashMap@fd37d1b9
      EMPTY_METHODS = class java.lang.reflect.Method[0]
    OBJ_EMPTY = class java.lang.Object[0]
    CLASS_EMPTY = class java.lang.Class[0]
    checkpointPhase = class io.openliberty.checkpoint.spi.CheckpointPhase@b6220e81
      AFTER_APP_START = class io.openliberty.checkpoint.spi.CheckpointPhase@fa041689
      BEFORE_APP_START = class io.openliberty.checkpoint.spi.CheckpointPhase@feaa067e
      INACTIVE = class io.openliberty.checkpoint.spi.CheckpointPhase@b6220e81
      CHECKPOINT_PROPERTY = "io.openliberty.checkpoint"
      CHECKPOINT_ACTIVE_FILTER = "(!(io.openliberty.checkpoint=INACTIVE))"
      CHECKPOINT_RESTORED_PROPERTY = "io.openliberty.checkpoint.restored"
      CONDITION_PROCESS_RUNNING_ID = "io.openliberty.process.running"
      restored = true
      noMoreAddHooks = true
      singleThreadedHooks = class java.util.ArrayList@9e1b7631
      multiThreadedHooks = class java.util.ArrayList@baec6587
      THE_PHASE = class io.openliberty.checkpoint.spi.CheckpointPhase@b6220e81
      DEBUG = false
      $VALUES = class io.openliberty.checkpoint.spi.CheckpointPhase[3]
      name = "/* Could not access name */"
      ordinal = "/* Could not access ordinal */"
    DEFAULT_JSP_EXTENSIONS = class java.util.ArrayList@7cf85486
      serialVersionUID = "/* Could not access serialVersionUID */"
      DEFAULT_CAPACITY = "/* Could not access DEFAULT_CAPACITY */"
      EMPTY_ELEMENTDATA = "/* Could not access EMPTY_ELEMENTDATA */"
      DEFAULTCAPACITY_EMPTY_ELEMENTDATA = "/* Could not access DEFAULTCAPACITY_EMPTY_ELEMENTDATA */"
      elementData = "/* Could not access elementData */"
      size = "/* Could not access size */"
      modCount = "/* Could not access modCount */"
    DEFER_SERVLET_REQUEST_LISTENER_DESTROY_ON_ERROR = true
    DO_ACCEPT_PARTIAL = true
    DO_NOT_ACCEPT_PARTIAL = false
    DO_ACCEPT_EXCLUDED = true
    DO_NOT_ACCEPT_EXCLUDED = false
    commands = class java.util.ArrayList@6579ebd0
      serialVersionUID = "/* Could not access serialVersionUID */"
      DEFAULT_CAPACITY = "/* Could not access DEFAULT_CAPACITY */"
      EMPTY_ELEMENTDATA = "/* Could not access EMPTY_ELEMENTDATA */"
      DEFAULTCAPACITY_EMPTY_ELEMENTDATA = "/* Could not access DEFAULTCAPACITY_EMPTY_ELEMENTDATA */"
      elementData = "/* Could not access elementData */"
      size = "/* Could not access size */"
      modCount = "/* Could not access modCount */"
    requestMapper = class com.ibm.wsspi.webcontainer.util.URIMapper@e472ce13
      matcher = class com.ibm.wsspi.webcontainer40.util.URIMatcher40@8ea2d9bd
    parent = class com.ibm.ws.webcontainer.osgi.webapp.WebGroup@501049d7
      tc = class com.ibm.websphere.ras.TraceComponent@5a8aacc3
      logger = class com.ibm.ws.logging.internal.WsLogger@d7cca4a9
      CLASS_NAME = "com.ibm.ws.webcontainer.webapp.WebGroup"
      sessUrlRewritePrefix = ";jsessionid="
      qMark = "?"
      config = class com.ibm.ws.webcontainer.osgi.webapp.WebGroupConfiguration@567cef16
      webApp = class com.ibm.ws.webcontainer40.osgi.webapp.WebApp40@13b79a85
      commands = class java.util.ArrayList@be6ca13b
      requestMapper = null
      parent = class com.ibm.ws.webcontainer.osgi.DynamicVirtualHost@14154db5
      name = "/LibertyProject/*"
      isAlive = true
      subElements = class java.util.HashMap@ead1a878
      attributes = null
      config = null
      serialVersionUID = -8271459000149267764
      $$$tc$$$ = class com.ibm.websphere.ras.TraceComponent@31a5985b
    name = "guide-rest-intro"
    isAlive = true
    subElements = null
    attributes = class java.util.concurrent.ConcurrentHashMap@d8917567
      serialVersionUID = "/* Could not access serialVersionUID */"
      MAXIMUM_CAPACITY = "/* Could not access MAXIMUM_CAPACITY */"
      DEFAULT_CAPACITY = "/* Could not access DEFAULT_CAPACITY */"
      MAX_ARRAY_SIZE = "/* Could not access MAX_ARRAY_SIZE */"
      DEFAULT_CONCURRENCY_LEVEL = "/* Could not access DEFAULT_CONCURRENCY_LEVEL */"
      LOAD_FACTOR = "/* Could not access LOAD_FACTOR */"
      TREEIFY_THRESHOLD = "/* Could not access TREEIFY_THRESHOLD */"
      UNTREEIFY_THRESHOLD = "/* Could not access UNTREEIFY_THRESHOLD */"
      MIN_TREEIFY_CAPACITY = "/* Could not access MIN_TREEIFY_CAPACITY */"
      MIN_TRANSFER_STRIDE = "/* Could not access MIN_TRANSFER_STRIDE */"
      RESIZE_STAMP_BITS = "/* Could not access RESIZE_STAMP_BITS */"
      MAX_RESIZERS = "/* Could not access MAX_RESIZERS */"
      RESIZE_STAMP_SHIFT = "/* Could not access RESIZE_STAMP_SHIFT */"
      MOVED = "/* Could not access MOVED */"
      TREEBIN = "/* Could not access TREEBIN */"
      RESERVED = "/* Could not access RESERVED */"
      HASH_BITS = "/* Could not access HASH_BITS */"
      NCPU = "/* Could not access NCPU */"
      serialPersistentFields = "/* Could not access serialPersistentFields */"
      table = "/* Could not access table */"
      nextTable = "/* Could not access nextTable */"
      baseCount = "/* Could not access baseCount */"
      sizeCtl = "/* Could not access sizeCtl */"
      transferIndex = "/* Could not access transferIndex */"
      cellsBusy = "/* Could not access cellsBusy */"
      counterCells = "/* Could not access counterCells */"
      keySet = "/* Could not access keySet */"
      values = "/* Could not access values */"
      entrySet = "/* Could not access entrySet */"
      U = "/* Could not access U */"
      SIZECTL = "/* Could not access SIZECTL */"
      TRANSFERINDEX = "/* Could not access TRANSFERINDEX */"
      BASECOUNT = "/* Could not access BASECOUNT */"
      CELLSBUSY = "/* Could not access CELLSBUSY */"
      CELLVALUE = "/* Could not access CELLVALUE */"
      ABASE = "/* Could not access ABASE */"
      ASHIFT = "/* Could not access ASHIFT */"
      keySet = "/* Could not access keySet */"
      values = "/* Could not access values */"
    config = null
    serialVersionUID = -8271459000149267764
    $$$tc$$$ = class com.ibm.websphere.ras.TraceComponent@31a5985b
      strings[0] = "TraceComponent[com.ibm.ws.container.AbstractContainer,class com.ibm.ws.container.AbstractContainer,[],null,null]"
  target = class com.ibm.websphere.jaxrs.server.IBMRestServlet@c928e4c6
    serialVersionUID = -7916305366621576524
    asyncCancelScheduler = class java.util.concurrent.ScheduledThreadPoolExecutor@cdd98c55
      continueExistingPeriodicTasksAfterShutdown = "/* Could not access continueExistingPeriodicTasksAfterShutdown */"
      executeExistingDelayedTasksAfterShutdown = "/* Could not access executeExistingDelayedTasksAfterShutdown */"
      removeOnCancel = "/* Could not access removeOnCancel */"
      sequencer = "/* Could not access sequencer */"
      DEFAULT_KEEPALIVE_MILLIS = "/* Could not access DEFAULT_KEEPALIVE_MILLIS */"
      ctl = "/* Could not access ctl */"
      COUNT_BITS = "/* Could not access COUNT_BITS */"
      COUNT_MASK = "/* Could not access COUNT_MASK */"
      RUNNING = "/* Could not access RUNNING */"
      SHUTDOWN = "/* Could not access SHUTDOWN */"
      STOP = "/* Could not access STOP */"
      TIDYING = "/* Could not access TIDYING */"
      TERMINATED = "/* Could not access TERMINATED */"
      workQueue = "/* Could not access workQueue */"
      mainLock = "/* Could not access mainLock */"
      workers = "/* Could not access workers */"
      termination = "/* Could not access termination */"
      largestPoolSize = "/* Could not access largestPoolSize */"
      completedTaskCount = "/* Could not access completedTaskCount */"
      threadFactory = "/* Could not access threadFactory */"
      handler = "/* Could not access handler */"
      keepAliveTime = "/* Could not access keepAliveTime */"
      allowCoreThreadTimeOut = "/* Could not access allowCoreThreadTimeOut */"
      corePoolSize = "/* Could not access corePoolSize */"
      maximumPoolSize = "/* Could not access maximumPoolSize */"
      defaultHandler = "/* Could not access defaultHandler */"
      shutdownPerm = "/* Could not access shutdownPerm */"
      ONLY_ONE = "/* Could not access ONLY_ONE */"
      $assertionsDisabled = "/* Could not access $assertionsDisabled */"
    serialVersionUID = 6655984720159438370
    $$$tc$$$ = class com.ibm.websphere.ras.TraceComponent@8c53b8ec
      strings[0] = "TraceComponent[org.jboss.resteasy.plugins.server.servlet.HttpServlet30Dispatcher,class org.jboss.resteasy.plugins.server.servlet.HttpServlet30Dispatcher,[],null,null]"
    servletContainerDispatcher = null
    serialVersionUID = -1908385981247679754
    $$$tc$$$ = class com.ibm.websphere.ras.TraceComponent@bb6cc396
      strings[0] = "TraceComponent[org.jboss.resteasy.plugins.server.servlet.HttpServletDispatcher,class org.jboss.resteasy.plugins.server.servlet.HttpServletDispatcher,[],null,null]"
    serialVersionUID = 8466325577512134784
    METHOD_DELETE = "DELETE"
    METHOD_HEAD = "HEAD"
    METHOD_GET = "GET"
    METHOD_OPTIONS = "OPTIONS"
    METHOD_POST = "POST"
    METHOD_PUT = "PUT"
    METHOD_TRACE = "TRACE"
    HEADER_IFMODSINCE = "If-Modified-Since"
    HEADER_LASTMOD = "Last-Modified"
    LEGACY_DO_HEAD = "jakarta.servlet.http.legacyDoHead"
    LSTRING_FILE = "jakarta.servlet.http.LocalStrings"
    lStrings = class java.util.PropertyResourceBundle@5afc642c
      encoding = "/* Could not access encoding */"
      lookup = "/* Could not access lookup */"
      INITIAL_CACHE_SIZE = "/* Could not access INITIAL_CACHE_SIZE */"
      NONEXISTENT_BUNDLE = "/* Could not access NONEXISTENT_BUNDLE */"
      cacheList = "/* Could not access cacheList */"
      referenceQueue = "/* Could not access referenceQueue */"
      parent = "/* Could not access parent */"
      locale = "/* Could not access locale */"
      name = "/* Could not access name */"
      expired = "/* Could not access expired */"
      cacheKey = "/* Could not access cacheKey */"
      keySet = "/* Could not access keySet */"
      UNKNOWN_FORMAT = "/* Could not access UNKNOWN_FORMAT */"
      TRACE_ON = "/* Could not access TRACE_ON */"
      $assertionsDisabled = "/* Could not access $assertionsDisabled */"
    legacyHeadHandling = false
    serialVersionUID = -8592279577370996712
    LSTRING_FILE = "jakarta.servlet.LocalStrings"
    lStrings = class java.util.PropertyResourceBundle@612a2269
    config = class com.ibm.ws.webcontainer.servlet.ServletConfig@8cfc0d83
  cacheWrappers = null
  targetLoader = class com.ibm.ws.classloading.internal.ThreadContextClassLoader@d485a1dd
    tc = class com.ibm.websphere.ras.TraceComponent@5e989afd
      strings[0] = "TraceComponent[com.ibm.ws.classloading.internal.ThreadContextClassLoader,class com.ibm.ws.classloading.internal.ThreadContextClassLoader,[ClassLoadingService],com.ibm.ws.classloading.internal.resources.ClassLoadingServiceMessages,null]"
    bundle = class java.util.concurrent.atomic.AtomicReference@ca5f1bdd
      serialVersionUID = "/* Could not access serialVersionUID */"
      VALUE = "/* Could not access VALUE */"
      value = "/* Could not access value */"
    key = "WebModule:guide-rest-intro#guide-rest-intro.war"
    refCount = class java.util.concurrent.atomic.AtomicInteger@ed0c150b
      serialVersionUID = "/* Could not access serialVersionUID */"
      U = "/* Could not access U */"
      VALUE = "/* Could not access VALUE */"
      value = "/* Could not access value */"
      serialVersionUID = "/* Could not access serialVersionUID */"
    appLoader = class com.ibm.ws.classloading.internal.AppClassLoader@8bce0bf7
    clSvc = class com.ibm.ws.classloading.internal.ClassLoadingServiceImpl@984414f0
      tc = class com.ibm.websphere.ras.TraceComponent@346a3979
      leakDetectionMap = class java.util.concurrent.ConcurrentHashMap@711d7fee
      appClassLoaders = class java.util.Collections$SetFromMap@b6ed5d4e
      TCCL_LOCK_WAIT = 15000
      REFERENCE_GENERATORS = "generators"
      tcclLockStore = class com.ibm.ws.kernel.service.util.KeyBasedLockStore@30dfd267
      bundleContext = class org.eclipse.osgi.internal.framework.BundleContextImpl@5f02c06c
      aclStore = class com.ibm.ws.classloading.internal.util.CanonicalStore@a576bf1
      tcclStore = class com.ibm.ws.classloading.internal.util.CanonicalStore@17a77cd6
      digraph = class org.eclipse.equinox.internal.region.StandardRegionDigraph@bae2ace2
      redefiner = class com.ibm.ws.classloading.internal.util.ClassRedefiner@7b11d4d1
      listener = class com.ibm.ws.classloading.internal.ClassLoadingServiceImpl$2@87ce9849
      classloaders = class java.util.Collections$SynchronizedMap@46fe9002
      resourceProviders = class com.ibm.ws.classloading.internal.CompositeResourceProvider@b224cf8a
      rememberedBundles = class java.util.concurrent.ConcurrentHashMap@f42f473c
      collectedBundles = class java.lang.ref.ReferenceQueue@92690577
      generatorRefs = class com.ibm.wsspi.kernel.service.utils.ConcurrentServiceReferenceSet@c626f1ce
      generatorManager = class com.ibm.ws.classloading.internal.ClassGeneratorManager@af35ca9e
      appExtLibs = class java.util.concurrent.CopyOnWriteArrayList@8bea3754
      globalConfig = class com.ibm.ws.classloading.configuration.GlobalClassloadingConfiguration@8321cf34
      systemTransformers = class java.util.concurrent.CopyOnWriteArrayList@f48b90b7
      metaInfServicesProviders = class java.util.concurrent.ConcurrentHashMap@ab9d21c0
      metaInfServicesRefs = class com.ibm.wsspi.kernel.service.utils.ConcurrentServiceReferenceMap@a6a1a24d
      protectionDomainMap = class java.util.HashMap@193105ef
      metadataIdentifierService = class com.ibm.ws.container.service.metadata.internal.MetaDataServiceImpl@4aefa33d
      globalSharedLibrary = class java.util.concurrent.atomic.AtomicReference@f0d53905
      serialVersionUID = 2258822036451657608
    serialVersionUID = 7417331337980111787
    tc = class com.ibm.websphere.ras.TraceComponent@190c30b0
      strings[0] = "TraceComponent[com.ibm.ws.classloading.internal.UnifiedClassLoader,class com.ibm.ws.classloading.internal.UnifiedClassLoader,[ClassLoadingService],com.ibm.ws.classloading.internal.resources.ClassLoadingServiceMessages,null]"
    followOnClassLoaders = class java.util.ArrayList@d11abf3f
      serialVersionUID = "/* Could not access serialVersionUID */"
      DEFAULT_CAPACITY = "/* Could not access DEFAULT_CAPACITY */"
      EMPTY_ELEMENTDATA = "/* Could not access EMPTY_ELEMENTDATA */"
      DEFAULTCAPACITY_EMPTY_ELEMENTDATA = "/* Could not access DEFAULTCAPACITY_EMPTY_ELEMENTDATA */"
      elementData = "/* Could not access elementData */"
      size = "/* Could not access size */"
      modCount = "/* Could not access modCount */"
    serialVersionUID = 4255658571728280816
    parent = class com.ibm.ws.classloading.internal.GatewayClassLoader@9b7f10f1
      config = class com.ibm.ws.classloading.internal.GatewayConfigurationImpl@5117aef0
      wiringMonitor = class com.ibm.ws.classloading.internal.GatewayClassLoader$1@320805ba
      bundle = class org.eclipse.osgi.internal.framework.EquinoxBundle@80f7c89f
      wiring = class org.eclipse.osgi.container.ModuleWiring@bdfdbb05
      cl = null
      bLoader = class org.eclipse.osgi.internal.loader.BundleLoader@39de39d2
      resourceProviders = class com.ibm.ws.classloading.internal.CompositeResourceProvider@b224cf8a
      serialVersionUID = -5503641212193211983
      $$$tc$$$ = class com.ibm.websphere.ras.TraceComponent@1ab28375
    serialVersionUID = -5610156362562585411
    $$$tc$$$ = class com.ibm.websphere.ras.TraceComponent@78b1adcd
      strings[0] = "TraceComponent[com.ibm.ws.classloading.internal.LibertyLoader,class com.ibm.ws.classloading.internal.LibertyLoader,[ClassLoadingService],com.ibm.ws.classloading.internal.resources.ClassLoadingServiceMessages,null]"
    pdcache = "/* Could not access pdcache */"
  evtSource = class com.ibm.ws.webcontainer.webapp.WebAppEventSource@e22d5f5d
    _invocationListeners = class com.ibm.ws.webcontainer.util.EventListeners@317b205
      EMPTY_LISTENERS = interface java.util.EventListener[0]
      logger = class com.ibm.ws.logging.internal.WsLogger@3385c122
      CLASS_NAME = "com.ibm.ws.webcontainer.util.EventListeners"
      listeners = interface java.util.EventListener[0]
    _servletListeners = class com.ibm.ws.webcontainer.util.EventListeners@1c86fa32
      EMPTY_LISTENERS = interface java.util.EventListener[0]
      logger = class com.ibm.ws.logging.internal.WsLogger@3385c122
      CLASS_NAME = "com.ibm.ws.webcontainer.util.EventListeners"
      listeners = interface java.util.EventListener[0]
    _errorListeners = class com.ibm.ws.webcontainer.util.EventListeners@122be6c6
      EMPTY_LISTENERS = interface java.util.EventListener[0]
      logger = class com.ibm.ws.logging.internal.WsLogger@3385c122
      CLASS_NAME = "com.ibm.ws.webcontainer.util.EventListeners"
      listeners = interface java.util.EventListener[0]
    _applicationListeners = class com.ibm.ws.webcontainer.util.EventListeners@72632dfb
      EMPTY_LISTENERS = interface java.util.EventListener[0]
      logger = class com.ibm.ws.logging.internal.WsLogger@3385c122
      CLASS_NAME = "com.ibm.ws.webcontainer.util.EventListeners"
      listeners = interface java.util.EventListener[0]
    _filterInvocationListeners = class com.ibm.ws.webcontainer.util.EventListeners@49e83e76
      EMPTY_LISTENERS = interface java.util.EventListener[0]
      logger = class com.ibm.ws.logging.internal.WsLogger@3385c122
      CLASS_NAME = "com.ibm.ws.webcontainer.util.EventListeners"
      listeners = interface java.util.EventListener[0]
    _filterListeners = class com.ibm.ws.webcontainer.util.EventListeners@4188e382
      EMPTY_LISTENERS = interface java.util.EventListener[0]
      logger = class com.ibm.ws.logging.internal.WsLogger@3385c122
      CLASS_NAME = "com.ibm.ws.webcontainer.util.EventListeners"
      listeners = interface java.util.EventListener[0]
    _filterErrorListeners = class com.ibm.ws.webcontainer.util.EventListeners@bab26337
      EMPTY_LISTENERS = interface java.util.EventListener[0]
      logger = class com.ibm.ws.logging.internal.WsLogger@3385c122
      CLASS_NAME = "com.ibm.ws.webcontainer.util.EventListeners"
      listeners = interface java.util.EventListener[0]
  event = class com.ibm.websphere.servlet.event.ServletEvent@bb01e54d
    serialVersionUID = 3906650803920713522
    _servletName = "io.openliberty.guides.rest.myApplication"
    _servletClassName = "com.ibm.websphere.jaxrs.server.IBMRestServlet"
    $$$tc$$$ = class com.ibm.websphere.ras.TraceComponent@95d4c706
      strings[0] = "TraceComponent[com.ibm.websphere.servlet.event.ServletEvent,class com.ibm.websphere.servlet.event.ServletEvent,[],null,null]"
    serialVersionUID = 3546927969739289392
    _context = class com.ibm.ws.webcontainer40.facade.ServletContextFacade40@9ce6df
      context = class com.ibm.ws.webcontainer40.osgi.webapp.WebApp40@13b79a85
    _servletNames = class com.ibm.ws.webcontainer.util.EmptyEnumeration@41696f0a
      serialVersionUID = 3546642126931963953
      _instance = class com.ibm.ws.webcontainer.util.EmptyEnumeration@41696f0a
    $$$tc$$$ = class com.ibm.websphere.ras.TraceComponent@da26eac5
      strings[0] = "TraceComponent[com.ibm.websphere.servlet.event.ApplicationEvent,class com.ibm.websphere.servlet.event.ApplicationEvent,[],null,null]"
    serialVersionUID = "/* Could not access serialVersionUID */"
    source = "/* Could not access source */"
  unavailableMessage = null
  unavailableUntil = -1
  isSTM = false
  internalServlet = false
  webAppInvocationCollaborators = null
  platformHelper = class com.ibm.ws.webcontainer.PlatformHelper@9b3ec91d
  webAppNameSpaceCollab = class com.ibm.ws.webcontainer.osgi.collaborator.WebAppNameSpaceCollaboratorImpl@bc7f1365
    cmdai = class com.ibm.ws.threadContext.ComponentMetaDataAccessorImpl@6dba2b7d
      tc = class com.ibm.websphere.ras.TraceComponent@4007e170
      cmdai = class com.ibm.ws.threadContext.ComponentMetaDataAccessorImpl@6dba2b7d
      threadContext = class com.ibm.ws.threadContext.ThreadContextImpl@ac07a7ad
      defaultCMD = null
  txCollab = class com.ibm.ws.transaction.services.WebAppTransactionCollaboratorImpl@4854de06
    tc = class com.ibm.websphere.ras.TraceComponent@a7d618d7
      strings[0] = "TraceComponent[com.ibm.ws.transaction.services.WebAppTransactionCollaboratorImpl,class com.ibm.ws.transaction.services.WebAppTransactionCollaboratorImpl,[transaction],com.ibm.ws.transaction.services.TransactionMessages,null]"
    ltCurrentRef = class com.ibm.wsspi.kernel.service.utils.AtomicServiceReference@9d8da597
      referenceName = "ltCurrent"
      tuple = class java.util.concurrent.atomic.AtomicReference@3295f41
      serialVersionUID = 2226592364007985000
      $$$tc$$$ = class com.ibm.websphere.ras.TraceComponent@857a49fa
    tranMgrRef = class com.ibm.wsspi.kernel.service.utils.AtomicServiceReference@593de62f
      referenceName = "tranMgr"
      tuple = class java.util.concurrent.atomic.AtomicReference@2563781c
      serialVersionUID = 2226592364007985000
      $$$tc$$$ = class com.ibm.websphere.ras.TraceComponent@857a49fa
    userTranRef = class com.ibm.wsspi.kernel.service.utils.AtomicServiceReference@2d9fdb47
      referenceName = "userTran"
      tuple = class java.util.concurrent.atomic.AtomicReference@14a58f9e
      serialVersionUID = 2226592364007985000
      $$$tc$$$ = class com.ibm.websphere.ras.TraceComponent@857a49fa
    uowCallbackRef = class com.ibm.wsspi.kernel.service.utils.AtomicServiceReference@b2c58c7c
      referenceName = "uowCallback"
      tuple = class java.util.concurrent.atomic.AtomicReference@ef3686e5
      serialVersionUID = 2226592364007985000
      $$$tc$$$ = class com.ibm.websphere.ras.TraceComponent@857a49fa
    serialVersionUID = -8319003162899973281
  connCollab = class com.ibm.ws.webcontainer.collaborator.ConnectionHandleCollaborator@f5df3ed0
    tc = class com.ibm.websphere.ras.TraceComponent@744dcfdb
      strings[0] = "TraceComponent[com.ibm.ws.webcontainer.collaborator.ConnectionHandleCollaborator,class com.ibm.ws.webcontainer.collaborator.ConnectionHandleCollaborator,[webcontainer],com.ibm.ws.webcontainer.resources.LShimMessages,null]"
    threadContext = class com.ibm.ws.threadContext.ThreadContextImpl@db261a91
      ivInitialStackEntry = null
      tc = class com.ibm.ejs.ras.TraceComponent@136bd381
      count = 8
      index = 1
      SUSPECTED_MISUSAGE_THRESHOLD = 200
      threadLocalHashCode = "/* Could not access threadLocalHashCode */"
      nextHashCode = "/* Could not access nextHashCode */"
      HASH_INCREMENT = "/* Could not access HASH_INCREMENT */"
  suppressServletExceptionLogging = false
  throwExceptionEnum = class java.util.RegularEnumSet@5fab6fe6
    serialVersionUID = "/* Could not access serialVersionUID */"
    elements = "/* Could not access elements */"
    serialVersionUID = "/* Could not access serialVersionUID */"
    elementType = "/* Could not access elementType */"
    universe = "/* Could not access universe */"
  discernUnavailableServlet = false
  reInitServletonInitUnavailableException = true
  destroyServletonServiceUnavailableException = false
  servlet23 = true
  PARAMS_HEAD_TRACE = class java.lang.Class[2]
    Class[0] = class java.lang.Class@d2890d52
      serialVersionUID = "/* Could not access serialVersionUID */"
      AllPermissionsPD = "/* Could not access AllPermissionsPD */"
      SYNTHETIC = "/* Could not access SYNTHETIC */"
      ANNOTATION = "/* Could not access ANNOTATION */"
      ENUM = "/* Could not access ENUM */"
      MEMBER_INVALID_TYPE = "/* Could not access MEMBER_INVALID_TYPE */"
      EmptyParameters = "/* Could not access EmptyParameters */"
      vmRef = "/* Could not access vmRef */"
      module = "/* Could not access module */"
      protectionDomain = "/* Could not access protectionDomain */"
      classNameString = "/* Could not access classNameString */"
      cachedToString = "/* Could not access cachedToString */"
      fileNameString = "/* Could not access fileNameString */"
      packageNameString = "/* Could not access packageNameString */"
      annotationVars = "/* Could not access annotationVars */"
      annotationVarsOffset = "/* Could not access annotationVarsOffset */"
      classValueMap = "/* Could not access classValueMap */"
      enumVars = "/* Could not access enumVars */"
      enumVarsOffset = "/* Could not access enumVarsOffset */"
      initializationLock = "/* Could not access initializationLock */"
      methodHandleCache = "/* Could not access methodHandleCache */"
      classRepoHolder = "/* Could not access classRepoHolder */"
      reflectionFactory = "/* Could not access reflectionFactory */"
      annotationCache = "/* Could not access annotationCache */"
      annotationCacheOffset = "/* Could not access annotationCacheOffset */"
      reflectCacheEnabled = "/* Could not access reflectCacheEnabled */"
      reflectCacheDebug = "/* Could not access reflectCacheDebug */"
      reflectCacheAppOnly = "/* Could not access reflectCacheAppOnly */"
      metadataCache = "/* Could not access metadataCache */"
      metadataCacheOffset = "/* Could not access metadataCacheOffset */"
      cachedInterfaces = "/* Could not access cachedInterfaces */"
      cachedInterfacesOffset = "/* Could not access cachedInterfacesOffset */"
      cachedDeclaringClass = "/* Could not access cachedDeclaringClass */"
      cachedDeclaringClassOffset = "/* Could not access cachedDeclaringClassOffset */"
      cachedEnclosingClass = "/* Could not access cachedEnclosingClass */"
      cachedEnclosingClassOffset = "/* Could not access cachedEnclosingClassOffset */"
      cachedCheckInnerClassAttr = "/* Could not access cachedCheckInnerClassAttr */"
      EMPTY_ANNOTATION_ARRAY = "/* Could not access EMPTY_ANNOTATION_ARRAY */"
      implLookup = "/* Could not access implLookup */"
      unsafe = "/* Could not access unsafe */"
      nestHost = "/* Could not access nestHost */"
      cachedPermittedSubclasses = "/* Could not access cachedPermittedSubclasses */"
      cachedPermittedSubclassesOffset = "/* Could not access cachedPermittedSubclassesOffset */"
      reflectCache = "/* Could not access reflectCache */"
      reflectCacheOffset = "/* Could not access reflectCacheOffset */"
    Class[1] = class java.lang.Class@8642a26e
      serialVersionUID = "/* Could not access serialVersionUID */"
      AllPermissionsPD = "/* Could not access AllPermissionsPD */"
      SYNTHETIC = "/* Could not access SYNTHETIC */"
      ANNOTATION = "/* Could not access ANNOTATION */"
      ENUM = "/* Could not access ENUM */"
      MEMBER_INVALID_TYPE = "/* Could not access MEMBER_INVALID_TYPE */"
      EmptyParameters = "/* Could not access EmptyParameters */"
      vmRef = "/* Could not access vmRef */"
      module = "/* Could not access module */"
      protectionDomain = "/* Could not access protectionDomain */"
      classNameString = "/* Could not access classNameString */"
      cachedToString = "/* Could not access cachedToString */"
      fileNameString = "/* Could not access fileNameString */"
      packageNameString = "/* Could not access packageNameString */"
      annotationVars = "/* Could not access annotationVars */"
      annotationVarsOffset = "/* Could not access annotationVarsOffset */"
      classValueMap = "/* Could not access classValueMap */"
      enumVars = "/* Could not access enumVars */"
      enumVarsOffset = "/* Could not access enumVarsOffset */"
      initializationLock = "/* Could not access initializationLock */"
      methodHandleCache = "/* Could not access methodHandleCache */"
      classRepoHolder = "/* Could not access classRepoHolder */"
      reflectionFactory = "/* Could not access reflectionFactory */"
      annotationCache = "/* Could not access annotationCache */"
      annotationCacheOffset = "/* Could not access annotationCacheOffset */"
      reflectCacheEnabled = "/* Could not access reflectCacheEnabled */"
      reflectCacheDebug = "/* Could not access reflectCacheDebug */"
      reflectCacheAppOnly = "/* Could not access reflectCacheAppOnly */"
      metadataCache = "/* Could not access metadataCache */"
      metadataCacheOffset = "/* Could not access metadataCacheOffset */"
      cachedInterfaces = "/* Could not access cachedInterfaces */"
      cachedInterfacesOffset = "/* Could not access cachedInterfacesOffset */"
      cachedDeclaringClass = "/* Could not access cachedDeclaringClass */"
      cachedDeclaringClassOffset = "/* Could not access cachedDeclaringClassOffset */"
      cachedEnclosingClass = "/* Could not access cachedEnclosingClass */"
      cachedEnclosingClassOffset = "/* Could not access cachedEnclosingClassOffset */"
      cachedCheckInnerClassAttr = "/* Could not access cachedCheckInnerClassAttr */"
      EMPTY_ANNOTATION_ARRAY = "/* Could not access EMPTY_ANNOTATION_ARRAY */"
      implLookup = "/* Could not access implLookup */"
      unsafe = "/* Could not access unsafe */"
      nestHost = "/* Could not access nestHost */"
      cachedPermittedSubclasses = "/* Could not access cachedPermittedSubclasses */"
      cachedPermittedSubclassesOffset = "/* Could not access cachedPermittedSubclassesOffset */"
      reflectCache = "/* Could not access reflectCache */"
      reflectCacheOffset = "/* Could not access reflectCacheOffset */"
  defaultHeadMethodInUse = false
  defaultTraceMethodInUse = false
  checkedForDefaultMethods = null
  defaultTraceRequestBehavior = false
  defaultHeadRequestBehavior = false
  useOriginalRequestState = false
  warningStatusSet = false
  serialVersionUID = -8592279577370996712
  LSTRING_FILE = "jakarta.servlet.LocalStrings"
  lStrings = class java.util.PropertyResourceBundle@612a2269
    encoding = "/* Could not access encoding */"
    lookup = "/* Could not access lookup */"
    INITIAL_CACHE_SIZE = "/* Could not access INITIAL_CACHE_SIZE */"
    NONEXISTENT_BUNDLE = "/* Could not access NONEXISTENT_BUNDLE */"
    cacheList = "/* Could not access cacheList */"
    referenceQueue = "/* Could not access referenceQueue */"
    parent = "/* Could not access parent */"
    locale = "/* Could not access locale */"
    name = "/* Could not access name */"
    expired = "/* Could not access expired */"
    cacheKey = "/* Could not access cacheKey */"
    keySet = "/* Could not access keySet */"
    UNKNOWN_FORMAT = "/* Could not access UNKNOWN_FORMAT */"
    TRACE_ON = "/* Could not access TRACE_ON */"
    $assertionsDisabled = "/* Could not access $assertionsDisabled */"
  config = null

